        -:    0:Source:memcached.c
        -:    0:Graph:memcached.gcno
        -:    0:Data:memcached.gcda
        -:    0:Runs:396
        -:    1:/* -*- Mode: C; tab-width: 4; c-basic-offset: 4; indent-tabs-mode: nil -*- */
        -:    2:/*
        -:    3: *  memcached - memory caching daemon
        -:    4: *
        -:    5: *       https://www.memcached.org/
        -:    6: *
        -:    7: *  Copyright 2003 Danga Interactive, Inc.  All rights reserved.
        -:    8: *
        -:    9: *  Use and distribution licensed under the BSD license.  See
        -:   10: *  the LICENSE file for full text.
        -:   11: *
        -:   12: *  Authors:
        -:   13: *      Anatoly Vorobey <mellon@pobox.com>
        -:   14: *      Brad Fitzpatrick <brad@danga.com>
        -:   15: */
        -:   16:#include "memcached.h"
        -:   17:#include "storage.h"
        -:   18:#include "authfile.h"
        -:   19:#include "restart.h"
        -:   20:#include <sys/stat.h>
        -:   21:#include <sys/socket.h>
        -:   22:#include <sys/un.h>
        -:   23:#include <signal.h>
        -:   24:#include <sys/param.h>
        -:   25:#include <sys/resource.h>
        -:   26:#include <sys/uio.h>
        -:   27:#include <ctype.h>
        -:   28:#include <stdarg.h>
        -:   29:
        -:   30:/* some POSIX systems need the following definition
        -:   31: * to get mlockall flags out of sys/mman.h.  */
        -:   32:#ifndef _P1003_1B_VISIBLE
        -:   33:#define _P1003_1B_VISIBLE
        -:   34:#endif
        -:   35:#include <pwd.h>
        -:   36:#include <sys/mman.h>
        -:   37:#include <fcntl.h>
        -:   38:#include <netinet/tcp.h>
        -:   39:#include <arpa/inet.h>
        -:   40:#include <errno.h>
        -:   41:#include <stdlib.h>
        -:   42:#include <stdio.h>
        -:   43:#include <string.h>
        -:   44:#include <time.h>
        -:   45:#include <assert.h>
        -:   46:#include <sysexits.h>
        -:   47:#include <stddef.h>
        -:   48:
        -:   49:#ifdef HAVE_GETOPT_LONG
        -:   50:#include <getopt.h>
        -:   51:#endif
        -:   52:
        -:   53:#ifdef TLS
        -:   54:#include "tls.h"
        -:   55:#endif
        -:   56:
        -:   57:#include "proto_text.h"
        -:   58:#include "proto_bin.h"
        -:   59:
        -:   60:#if defined(__FreeBSD__)
        -:   61:#include <sys/sysctl.h>
        -:   62:#endif
        -:   63:
        -:   64:/*
        -:   65: * forward declarations
        -:   66: */
        -:   67:static void drive_machine(conn *c);
        -:   68:static int new_socket(struct addrinfo *ai);
        -:   69:static ssize_t tcp_read(conn *arg, void *buf, size_t count);
        -:   70:static ssize_t tcp_sendmsg(conn *arg, struct msghdr *msg, int flags);
        -:   71:static ssize_t tcp_write(conn *arg, void *buf, size_t count);
        -:   72:
        -:   73:enum try_read_result {
        -:   74:    READ_DATA_RECEIVED,
        -:   75:    READ_NO_DATA_RECEIVED,
        -:   76:    READ_ERROR,            /** an error occurred (on the socket) (or client closed connection) */
        -:   77:    READ_MEMORY_ERROR      /** failed to allocate more memory */
        -:   78:};
        -:   79:
        -:   80:static int try_read_command_negotiate(conn *c);
        -:   81:static int try_read_command_udp(conn *c);
        -:   82:
        -:   83:static enum try_read_result try_read_network(conn *c);
        -:   84:static enum try_read_result try_read_udp(conn *c);
        -:   85:
        -:   86:static int start_conn_timeout_thread();
        -:   87:
        -:   88:
        -:   89:/* stats */
        -:   90:static void stats_init(void);
        -:   91:static void conn_to_str(const conn *c, char *addr, char *svr_addr);
        -:   92:
        -:   93:/* defaults */
        -:   94:static void settings_init(void);
        -:   95:
        -:   96:/* event handling, network IO */
        -:   97:static void event_handler(const evutil_socket_t fd, const short which, void *arg);
        -:   98:static void conn_close(conn *c);
        -:   99:static void conn_init(void);
        -:  100:static bool update_event(conn *c, const int new_flags);
        -:  101:static void complete_nread(conn *c);
        -:  102:
        -:  103:static void conn_free(conn *c);
        -:  104:
        -:  105:/** exported globals **/
        -:  106:struct stats stats;
        -:  107:struct stats_state stats_state;
        -:  108:struct settings settings;
        -:  109:time_t process_started;     /* when the process was started */
        -:  110:conn **conns;
        -:  111:
        -:  112:struct slab_rebalance slab_rebal;
        -:  113:volatile int slab_rebalance_signal;
        -:  114:#ifdef EXTSTORE
        -:  115:/* hoping this is temporary; I'd prefer to cut globals, but will complete this
        -:  116: * battle another day.
        -:  117: */
        -:  118:void *ext_storage = NULL;
        -:  119:#endif
        -:  120:/** file scope variables **/
        -:  121:static conn *listen_conn = NULL;
        -:  122:static int max_fds;
        -:  123:static struct event_base *main_base;
        -:  124:
        -:  125:enum transmit_result {
        -:  126:    TRANSMIT_COMPLETE,   /** All done writing. */
        -:  127:    TRANSMIT_INCOMPLETE, /** More data remaining to write. */
        -:  128:    TRANSMIT_SOFT_ERROR, /** Can't write any more right now. */
        -:  129:    TRANSMIT_HARD_ERROR  /** Can't write (c->state is set to conn_closing) */
        -:  130:};
        -:  131:
        -:  132:/* Default methods to read from/ write to a socket */
   553835:  133:ssize_t tcp_read(conn *c, void *buf, size_t count) {
  553835*:  134:    assert (c != NULL);
   553835:  135:    return read(c->sfd, buf, count);
        -:  136:}
        -:  137:
   411732:  138:ssize_t tcp_sendmsg(conn *c, struct msghdr *msg, int flags) {
  411732*:  139:    assert (c != NULL);
   411732:  140:    return sendmsg(c->sfd, msg, flags);
        -:  141:}
        -:  142:
       78:  143:ssize_t tcp_write(conn *c, void *buf, size_t count) {
      78*:  144:    assert (c != NULL);
       78:  145:    return write(c->sfd, buf, count);
        -:  146:}
        -:  147:
        -:  148:static enum transmit_result transmit(conn *c);
        -:  149:
        -:  150:/* This reduces the latency without adding lots of extra wiring to be able to
        -:  151: * notify the listener thread of when to listen again.
        -:  152: * Also, the clock timer could be broken out into its own thread and we
        -:  153: * can block the listener via a condition.
        -:  154: */
        -:  155:static volatile bool allow_new_conns = true;
        -:  156:static int stop_main_loop = NOT_STOP;
        -:  157:static struct event maxconnsevent;
    #####:  158:static void maxconns_handler(const evutil_socket_t fd, const short which, void *arg) {
    #####:  159:    struct timeval t = {.tv_sec = 0, .tv_usec = 10000};
        -:  160:
    #####:  161:    if (fd == -42 || allow_new_conns == false) {
        -:  162:        /* reschedule in 10ms if we need to keep polling */
    #####:  163:        evtimer_set(&maxconnsevent, maxconns_handler, 0);
    #####:  164:        event_base_set(main_base, &maxconnsevent);
    #####:  165:        evtimer_add(&maxconnsevent, &t);
        -:  166:    } else {
    #####:  167:        evtimer_del(&maxconnsevent);
    #####:  168:        accept_new_conns(true);
        -:  169:    }
    #####:  170:}
        -:  171:
        -:  172:/*
        -:  173: * given time value that's either unix time or delta from current unix time, return
        -:  174: * unix time. Use the fact that delta can't exceed one month (and real time value can't
        -:  175: * be that low).
        -:  176: */
   328020:  177:rel_time_t realtime(const time_t exptime) {
        -:  178:    /* no. of seconds in 30 days - largest possible delta exptime */
        -:  179:
   328020:  180:    if (exptime == 0) return 0; /* 0 means never expire */
        -:  181:
     1656:  182:    if (exptime > REALTIME_MAXDELTA) {
        -:  183:        /* if item expiration is at/before the server started, give it an
        -:  184:           expiration time of 1 second after the server started.
        -:  185:           (because 0 means don't expire).  without this, we'd
        -:  186:           underflow and wrap around to some large value way in the
        -:  187:           future, effectively making items expiring in the past
        -:  188:           really expiring never */
       13:  189:        if (exptime <= process_started)
        -:  190:            return (rel_time_t)1;
        8:  191:        return (rel_time_t)(exptime - process_started);
        -:  192:    } else {
     1643:  193:        return (rel_time_t)(exptime + current_time);
        -:  194:    }
        -:  195:}
        -:  196:
      116:  197:static void stats_init(void) {
      116:  198:    memset(&stats, 0, sizeof(struct stats));
      116:  199:    memset(&stats_state, 0, sizeof(struct stats_state));
      116:  200:    stats_state.accepting_conns = true; /* assuming we start in this state. */
        -:  201:
        -:  202:    /* make the time we started always be 2 seconds before we really
        -:  203:       did, so time(0) - time.started is never zero.  if so, things
        -:  204:       like 'settings.oldest_live' which act as booleans as well as
        -:  205:       values are now false in boolean context... */
      116:  206:    process_started = time(0) - ITEM_UPDATE_INTERVAL - 2;
      116:  207:    stats_prefix_init(settings.prefix_delimiter);
      116:  208:}
        -:  209:
        3:  210:void stats_reset(void) {
        3:  211:    STATS_LOCK();
        3:  212:    memset(&stats, 0, sizeof(struct stats));
        3:  213:    stats_prefix_clear();
        3:  214:    STATS_UNLOCK();
        3:  215:    threadlocal_stats_reset();
        3:  216:    item_stats_reset();
        3:  217:}
        -:  218:
      396:  219:static void settings_init(void) {
      396:  220:    settings.use_cas = true;
      396:  221:    settings.access = 0700;
      396:  222:    settings.port = 11211;
      396:  223:    settings.udpport = 0;
        -:  224:#ifdef TLS
        -:  225:    settings.ssl_enabled = false;
        -:  226:    settings.ssl_ctx = NULL;
        -:  227:    settings.ssl_chain_cert = NULL;
        -:  228:    settings.ssl_key = NULL;
        -:  229:    settings.ssl_verify_mode = SSL_VERIFY_NONE;
        -:  230:    settings.ssl_keyformat = SSL_FILETYPE_PEM;
        -:  231:    settings.ssl_ciphers = NULL;
        -:  232:    settings.ssl_ca_cert = NULL;
        -:  233:    settings.ssl_last_cert_refresh_time = current_time;
        -:  234:    settings.ssl_wbuf_size = 16 * 1024; // default is 16KB (SSL max frame size is 17KB)
        -:  235:    settings.ssl_session_cache = false;
        -:  236:    settings.ssl_min_version = TLS1_2_VERSION;
        -:  237:#endif
        -:  238:    /* By default this string should be NULL for getaddrinfo() */
      396:  239:    settings.inter = NULL;
      396:  240:    settings.maxbytes = 64 * 1024 * 1024; /* default is 64MB */
      396:  241:    settings.maxconns = 1024;         /* to limit connections-related memory to about 5MB */
      396:  242:    settings.verbose = 0;
      396:  243:    settings.oldest_live = 0;
      396:  244:    settings.oldest_cas = 0;          /* supplements accuracy of oldest_live */
      396:  245:    settings.evict_to_free = 1;       /* push old items out of cache when memory runs out */
      396:  246:    settings.socketpath = NULL;       /* by default, not using a unix socket */
      396:  247:    settings.auth_file = NULL;        /* by default, not using ASCII authentication tokens */
      396:  248:    settings.factor = 1.25;
      396:  249:    settings.chunk_size = 48;         /* space for a modest key and value */
      396:  250:    settings.num_threads = 4;         /* N workers */
      396:  251:    settings.num_threads_per_udp = 0;
      396:  252:    settings.prefix_delimiter = ':';
      396:  253:    settings.detail_enabled = 0;
      396:  254:    settings.reqs_per_event = 20;
      396:  255:    settings.backlog = 1024;
      396:  256:    settings.binding_protocol = negotiating_prot;
      396:  257:    settings.item_size_max = 1024 * 1024; /* The famous 1MB upper limit. */
      396:  258:    settings.slab_page_size = 1024 * 1024; /* chunks are split from 1MB pages. */
      396:  259:    settings.slab_chunk_size_max = settings.slab_page_size / 2;
      396:  260:    settings.sasl = false;
      396:  261:    settings.maxconns_fast = true;
      396:  262:    settings.lru_crawler = false;
      396:  263:    settings.lru_crawler_sleep = 100;
      396:  264:    settings.lru_crawler_tocrawl = 0;
      396:  265:    settings.lru_maintainer_thread = false;
      396:  266:    settings.lru_segmented = true;
      396:  267:    settings.hot_lru_pct = 20;
      396:  268:    settings.warm_lru_pct = 40;
      396:  269:    settings.hot_max_factor = 0.2;
      396:  270:    settings.warm_max_factor = 2.0;
      396:  271:    settings.temp_lru = false;
      396:  272:    settings.temporary_ttl = 61;
      396:  273:    settings.idle_timeout = 0; /* disabled */
      396:  274:    settings.hashpower_init = 0;
      396:  275:    settings.slab_reassign = true;
      396:  276:    settings.slab_automove = 1;
      396:  277:    settings.slab_automove_ratio = 0.8;
      396:  278:    settings.slab_automove_window = 30;
      396:  279:    settings.shutdown_command = false;
      396:  280:    settings.tail_repair_time = TAIL_REPAIR_TIME_DEFAULT;
      396:  281:    settings.flush_enabled = true;
      396:  282:    settings.dump_enabled = true;
      396:  283:    settings.crawls_persleep = 1000;
      396:  284:    settings.logger_watcher_buf_size = LOGGER_WATCHER_BUF_SIZE;
      396:  285:    settings.logger_buf_size = LOGGER_BUF_SIZE;
      396:  286:    settings.drop_privileges = false;
      396:  287:    settings.watch_enabled = true;
      396:  288:    settings.read_buf_mem_limit = 0;
        -:  289:#ifdef MEMCACHED_DEBUG
      396:  290:    settings.relaxed_privileges = false;
        -:  291:#endif
      396:  292:    settings.num_napi_ids = 0;
      396:  293:    settings.memory_file = NULL;
      396:  294:}
        -:  295:
        -:  296:extern pthread_mutex_t conn_lock;
        -:  297:
        -:  298:/* Connection timeout thread bits */
        -:  299:static pthread_t conn_timeout_tid;
        -:  300:static int do_run_conn_timeout_thread;
        -:  301:static pthread_cond_t conn_timeout_cond = PTHREAD_COND_INITIALIZER;
        -:  302:static pthread_mutex_t conn_timeout_lock = PTHREAD_MUTEX_INITIALIZER;
        -:  303:
        -:  304:#define CONNS_PER_SLICE 100
        1:  305:static void *conn_timeout_thread(void *arg) {
        1:  306:    int i;
        1:  307:    conn *c;
        1:  308:    rel_time_t oldest_last_cmd;
        1:  309:    int sleep_time;
        1:  310:    int sleep_slice = max_fds / CONNS_PER_SLICE;
        1:  311:    if (sleep_slice == 0)
    #####:  312:        sleep_slice = CONNS_PER_SLICE;
        -:  313:
        1:  314:    useconds_t timeslice = 1000000 / sleep_slice;
        -:  315:
        1:  316:    mutex_lock(&conn_timeout_lock);
        5:  317:    while(do_run_conn_timeout_thread) {
        4:  318:        if (settings.verbose > 2)
    #####:  319:            fprintf(stderr, "idle timeout thread at top of connection list\n");
        -:  320:
        4:  321:        oldest_last_cmd = current_time;
        -:  322:
  2097156:  323:        for (i = 0; i < max_fds; i++) {
  2097152:  324:            if ((i % CONNS_PER_SLICE) == 0) {
    20972:  325:                if (settings.verbose > 2)
    #####:  326:                    fprintf(stderr, "idle timeout thread sleeping for %ulus\n",
        -:  327:                        (unsigned int)timeslice);
    20972:  328:                usleep(timeslice);
        -:  329:            }
        -:  330:
  2097152:  331:            if (!conns[i])
  2097129:  332:                continue;
        -:  333:
       23:  334:            c = conns[i];
        -:  335:
       23:  336:            if (!IS_TCP(c->transport))
       16:  337:                continue;
        -:  338:
        7:  339:            if (c->state != conn_new_cmd && c->state != conn_read)
        5:  340:                continue;
        -:  341:
        2:  342:            if ((current_time - c->last_cmd_time) > settings.idle_timeout) {
        1:  343:                timeout_conn(c);
        -:  344:            } else {
        1:  345:                if (c->last_cmd_time < oldest_last_cmd)
        -:  346:                    oldest_last_cmd = c->last_cmd_time;
        -:  347:            }
        -:  348:        }
        -:  349:
        -:  350:        /* This is the soonest we could have another connection time out */
        4:  351:        sleep_time = settings.idle_timeout - (current_time - oldest_last_cmd) + 1;
        4:  352:        if (sleep_time <= 0)
        -:  353:            sleep_time = 1;
        -:  354:
        4:  355:        if (settings.verbose > 2)
    #####:  356:            fprintf(stderr,
        -:  357:                    "idle timeout thread finished pass, sleeping for %ds\n",
        -:  358:                    sleep_time);
        -:  359:
        4:  360:        struct timeval now;
        4:  361:        struct timespec to_sleep;
        4:  362:        gettimeofday(&now, NULL);
        4:  363:        to_sleep.tv_sec = now.tv_sec + sleep_time;
        4:  364:        to_sleep.tv_nsec = 0;
        -:  365:
        4:  366:        pthread_cond_timedwait(&conn_timeout_cond, &conn_timeout_lock, &to_sleep);
        -:  367:    }
        -:  368:
        1:  369:    mutex_unlock(&conn_timeout_lock);
        1:  370:    return NULL;
        -:  371:}
        -:  372:
        1:  373:static int start_conn_timeout_thread() {
        1:  374:    int ret;
        -:  375:
        1:  376:    if (settings.idle_timeout == 0)
        -:  377:        return -1;
        -:  378:
        1:  379:    do_run_conn_timeout_thread = 1;
        1:  380:    if ((ret = pthread_create(&conn_timeout_tid, NULL,
        -:  381:        conn_timeout_thread, NULL)) != 0) {
    #####:  382:        fprintf(stderr, "Can't create idle connection timeout thread: %s\n",
        -:  383:            strerror(ret));
    #####:  384:        return -1;
        -:  385:    }
        -:  386:
        -:  387:    return 0;
        -:  388:}
        -:  389:
      114:  390:int stop_conn_timeout_thread(void) {
      114:  391:    if (!do_run_conn_timeout_thread)
        -:  392:        return -1;
        1:  393:    mutex_lock(&conn_timeout_lock);
        1:  394:    do_run_conn_timeout_thread = 0;
        1:  395:    pthread_cond_signal(&conn_timeout_cond);
        1:  396:    mutex_unlock(&conn_timeout_lock);
        1:  397:    pthread_join(conn_timeout_tid, NULL);
        1:  398:    return 0;
        -:  399:}
        -:  400:
        -:  401:/*
        -:  402: * read buffer cache helper functions
        -:  403: */
   455072:  404:static void rbuf_release(conn *c) {
   455072:  405:    if (c->rbuf != NULL && c->rbytes == 0 && !IS_UDP(c->transport)) {
   450084:  406:        if (c->rbuf_malloced) {
        3:  407:            free(c->rbuf);
        3:  408:            c->rbuf_malloced = false;
        -:  409:        } else {
   450081:  410:            do_cache_free(c->thread->rbuf_cache, c->rbuf);
        -:  411:        }
   450084:  412:        c->rsize = 0;
   450084:  413:        c->rbuf = NULL;
   450084:  414:        c->rcurr = NULL;
        -:  415:    }
   455072:  416:}
        -:  417:
   453830:  418:static bool rbuf_alloc(conn *c) {
   453830:  419:    if (c->rbuf == NULL) {
   450084:  420:        c->rbuf = do_cache_alloc(c->thread->rbuf_cache);
   450084:  421:        if (!c->rbuf) {
    #####:  422:            THR_STATS_LOCK(c);
    #####:  423:            c->thread->stats.read_buf_oom++;
    #####:  424:            THR_STATS_UNLOCK(c);
    #####:  425:            return false;
        -:  426:        }
   450084:  427:        c->rsize = READ_BUFFER_SIZE;
   450084:  428:        c->rcurr = c->rbuf;
        -:  429:    }
        -:  430:    return true;
        -:  431:}
        -:  432:
        -:  433:// Just for handling huge ASCII multigets.
        -:  434:// The previous system was essentially the same; realloc'ing until big enough,
        -:  435:// then realloc'ing back down after the request finished.
        3:  436:bool rbuf_switch_to_malloc(conn *c) {
        -:  437:    // Might as well start with x2 and work from there.
        3:  438:    size_t size = c->rsize * 2;
        3:  439:    char *tmp = malloc(size);
        3:  440:    if (!tmp)
        -:  441:        return false;
        -:  442:
        3:  443:    do_cache_free(c->thread->rbuf_cache, c->rbuf);
        3:  444:    memcpy(tmp, c->rcurr, c->rbytes);
        -:  445:
        3:  446:    c->rcurr = c->rbuf = tmp;
        3:  447:    c->rsize = size;
        3:  448:    c->rbuf_malloced = true;
        3:  449:    return true;
        -:  450:}
        -:  451:
        -:  452:/*
        -:  453: * Initializes the connections array. We don't actually allocate connection
        -:  454: * structures until they're needed, so as to avoid wasting memory when the
        -:  455: * maximum connection count is much higher than the actual number of
        -:  456: * connections.
        -:  457: *
        -:  458: * This does end up wasting a few pointers' worth of memory for FDs that are
        -:  459: * used for things other than connections, but that's worth it in exchange for
        -:  460: * being able to directly index the conns array by FD.
        -:  461: */
      116:  462:static void conn_init(void) {
        -:  463:    /* We're unlikely to see an FD much higher than maxconns. */
      116:  464:    int next_fd = dup(1);
      116:  465:    if (next_fd < 0) {
    #####:  466:        perror("Failed to duplicate file descriptor\n");
    #####:  467:        exit(1);
        -:  468:    }
      116:  469:    int headroom = 10;      /* account for extra unexpected open FDs */
      116:  470:    struct rlimit rl;
        -:  471:
      116:  472:    max_fds = settings.maxconns + headroom + next_fd;
        -:  473:
        -:  474:    /* But if possible, get the actual highest FD we can possibly ever see. */
      116:  475:    if (getrlimit(RLIMIT_NOFILE, &rl) == 0) {
      116:  476:        max_fds = rl.rlim_max;
        -:  477:    } else {
    #####:  478:        fprintf(stderr, "Failed to query maximum file descriptor; "
        -:  479:                        "falling back to maxconns\n");
        -:  480:    }
        -:  481:
      116:  482:    close(next_fd);
        -:  483:
      116:  484:    if ((conns = calloc(max_fds, sizeof(conn *))) == NULL) {
    #####:  485:        fprintf(stderr, "Failed to allocate connection structures\n");
        -:  486:        /* This is unrecoverable so bail out early. */
    #####:  487:        exit(1);
        -:  488:    }
      116:  489:}
        -:  490:
        -:  491:static const char *prot_text(enum protocol prot) {
     294*:  492:    char *rv = "unknown";
     294*:  493:    switch(prot) {
       2*:  494:        case ascii_prot:
       2*:  495:            rv = "ascii";
       2*:  496:            break;
       1*:  497:        case binary_prot:
       1*:  498:            rv = "binary";
       1*:  499:            break;
     291*:  500:        case negotiating_prot:
     291*:  501:            rv = "auto-negotiate";
     291*:  502:            break;
        -:  503:    }
     294*:  504:    return rv;
        -:  505:}
        -:  506:
        1:  507:void conn_close_idle(conn *c) {
        1:  508:    if (settings.idle_timeout > 0 &&
        1:  509:        (current_time - c->last_cmd_time) > settings.idle_timeout) {
        1:  510:        if (c->state != conn_new_cmd && c->state != conn_read) {
    #####:  511:            if (settings.verbose > 1)
    #####:  512:                fprintf(stderr,
        -:  513:                    "fd %d wants to timeout, but isn't in read state", c->sfd);
    #####:  514:            return;
        -:  515:        }
        -:  516:
        1:  517:        if (settings.verbose > 1)
    #####:  518:            fprintf(stderr, "Closing idle fd %d\n", c->sfd);
        -:  519:
        1:  520:        pthread_mutex_lock(&c->thread->stats.mutex);
        1:  521:        c->thread->stats.idle_kicks++;
        1:  522:        pthread_mutex_unlock(&c->thread->stats.mutex);
        -:  523:
        1:  524:        c->close_reason = IDLE_TIMEOUT_CLOSE;
        -:  525:
        1:  526:        conn_set_state(c, conn_closing);
        1:  527:        drive_machine(c);
        -:  528:    }
        -:  529:}
        -:  530:
        -:  531:/* bring conn back from a sidethread. could have had its event base moved. */
      395:  532:void conn_worker_readd(conn *c) {
      395:  533:    if (c->state == conn_io_queue) {
      383:  534:        c->io_queues_submitted--;
        -:  535:        // If we're still waiting for other queues to return, don't re-add the
        -:  536:        // connection yet.
      383:  537:        if (c->io_queues_submitted != 0) {
        -:  538:            return;
        -:  539:        }
        -:  540:    }
      395:  541:    c->ev_flags = EV_READ | EV_PERSIST;
      395:  542:    event_set(&c->event, c->sfd, c->ev_flags, event_handler, (void *)c);
      395:  543:    event_base_set(c->thread->base, &c->event);
        -:  544:
        -:  545:    // TODO: call conn_cleanup/fail/etc
      395:  546:    if (event_add(&c->event, 0) == -1) {
    #####:  547:        perror("event_add");
        -:  548:    }
        -:  549:
        -:  550:    // side thread wanted us to close immediately.
      395:  551:    if (c->state == conn_closing) {
       10:  552:        drive_machine(c);
       10:  553:        return;
      385:  554:    } else if (c->state == conn_io_queue) {
        -:  555:        // machine will know how to return based on secondary state.
      383:  556:        drive_machine(c);
        -:  557:    } else {
        2:  558:        conn_set_state(c, conn_new_cmd);
        -:  559:    }
        -:  560:}
        -:  561:
      516:  562:void thread_io_queue_add(LIBEVENT_THREAD *t, int type, void *ctx, io_queue_stack_cb cb, io_queue_stack_cb com_cb, io_queue_cb ret_cb, io_queue_cb fin_cb) {
      516:  563:    io_queue_cb_t *q = t->io_queues;
      544:  564:    while (q->type != IO_QUEUE_NONE) {
       28:  565:        q++;
        -:  566:    }
      516:  567:    q->type = type;
      516:  568:    q->ctx = ctx;
      516:  569:    q->submit_cb = cb;
      516:  570:    q->complete_cb = com_cb;
      516:  571:    q->finalize_cb = fin_cb;
      516:  572:    q->return_cb   = ret_cb;
      516:  573:    return;
        -:  574:}
        -:  575:
     1208:  576:void conn_io_queue_setup(conn *c) {
     1208:  577:    io_queue_cb_t *qcb = c->thread->io_queues;
     1208:  578:    io_queue_t *q = c->io_queues;
     1216:  579:    while (qcb->type != IO_QUEUE_NONE) {
        8:  580:        q->type = qcb->type;
        8:  581:        q->ctx = qcb->ctx;
        8:  582:        q->stack_ctx = NULL;
        8:  583:        q->count = 0;
        8:  584:        qcb++;
        8:  585:        q++;
        -:  586:    }
     1208:  587:}
        -:  588:
        -:  589:// To be called from conn_release_items to ensure the stack ptrs are reset.
       27:  590:static void conn_io_queue_reset(conn *c) {
       29:  591:    for (io_queue_t *q = c->io_queues; q->type != IO_QUEUE_NONE; q++) {
       2*:  592:        assert(q->count == 0);
        2:  593:        q->stack_ctx = NULL;
        -:  594:    }
       27:  595:}
        -:  596:
      771:  597:io_queue_cb_t *thread_io_queue_get(LIBEVENT_THREAD *t, int type) {
      771:  598:    io_queue_cb_t *q = t->io_queues;
      771:  599:    while (q->type != IO_QUEUE_NONE) {
      771:  600:        if (q->type == type) {
      771:  601:            return q;
        -:  602:        }
    #####:  603:        q++;
        -:  604:    }
        -:  605:    return NULL;
        -:  606:}
        -:  607:
      777:  608:io_queue_t *conn_io_queue_get(conn *c, int type) {
      777:  609:    io_queue_t *q = c->io_queues;
      777:  610:    while (q->type != IO_QUEUE_NONE) {
      777:  611:        if (q->type == type) {
      777:  612:            return q;
        -:  613:        }
    #####:  614:        q++;
        -:  615:    }
        -:  616:    return NULL;
        -:  617:}
        -:  618:
        -:  619:// called after returning to the main worker thread.
        -:  620:// users of the queue need to distinguish if the IO was actually consumed or
        -:  621:// not and handle appropriately.
      383:  622:static void conn_io_queue_complete(conn *c) {
      383:  623:    io_queue_t *q = c->io_queues;
      383:  624:    io_queue_cb_t *qcb = c->thread->io_queues;
      766:  625:    while (q->type != IO_QUEUE_NONE) {
      383:  626:        if (q->stack_ctx) {
      383:  627:            qcb->complete_cb(q);
        -:  628:        }
      383:  629:        qcb++;
      383:  630:        q++;
        -:  631:    }
      383:  632:}
        -:  633:
        -:  634:// called to return a single IO object to the original worker thread.
    #####:  635:void conn_io_queue_return(io_pending_t *io) {
    #####:  636:    io_queue_cb_t *q = thread_io_queue_get(io->thread, io->io_queue_type);
    #####:  637:    q->return_cb(io);
    #####:  638:    return;
        -:  639:}
        -:  640:
     1334:  641:conn *conn_new(const int sfd, enum conn_states init_state,
        -:  642:                const int event_flags,
        -:  643:                const int read_buffer_size, enum network_transport transport,
        -:  644:                struct event_base *base, void *ssl) {
     1334:  645:    conn *c;
        -:  646:
    1334*:  647:    assert(sfd >= 0 && sfd < max_fds);
     1334:  648:    c = conns[sfd];
        -:  649:
     1334:  650:    if (NULL == c) {
     1323:  651:        if (!(c = (conn *)calloc(1, sizeof(conn)))) {
    #####:  652:            STATS_LOCK();
    #####:  653:            stats.malloc_fails++;
    #####:  654:            STATS_UNLOCK();
    #####:  655:            fprintf(stderr, "Failed to allocate connection object\n");
    #####:  656:            return NULL;
        -:  657:        }
     1323:  658:        MEMCACHED_CONN_CREATE(c);
     1323:  659:        c->read = NULL;
     1323:  660:        c->sendmsg = NULL;
     1323:  661:        c->write = NULL;
     1323:  662:        c->rbuf = NULL;
        -:  663:
     1323:  664:        c->rsize = read_buffer_size;
        -:  665:
        -:  666:        // UDP connections use a persistent static buffer.
     1323:  667:        if (c->rsize) {
      198:  668:            c->rbuf = (char *)malloc((size_t)c->rsize);
        -:  669:        }
        -:  670:
     1323:  671:        if (c->rsize && c->rbuf == NULL) {
    #####:  672:            conn_free(c);
    #####:  673:            STATS_LOCK();
    #####:  674:            stats.malloc_fails++;
    #####:  675:            STATS_UNLOCK();
    #####:  676:            fprintf(stderr, "Failed to allocate buffers for connection\n");
    #####:  677:            return NULL;
        -:  678:        }
        -:  679:
        -:  680:
     1323:  681:        STATS_LOCK();
     1323:  682:        stats_state.conn_structs++;
     1323:  683:        STATS_UNLOCK();
        -:  684:
     1323:  685:        c->sfd = sfd;
     1323:  686:        conns[sfd] = c;
        -:  687:    }
        -:  688:
     1334:  689:    c->transport = transport;
     1334:  690:    c->protocol = settings.binding_protocol;
        -:  691:
        -:  692:    /* unix socket mode doesn't need this, so zeroed out.  but why
        -:  693:     * is this done for every command?  presumably for UDP
        -:  694:     * mode.  */
     1334:  695:    if (!settings.socketpath) {
      124:  696:        c->request_addr_size = sizeof(c->request_addr);
        -:  697:    } else {
     1210:  698:        c->request_addr_size = 0;
        -:  699:    }
        -:  700:
     1334:  701:    if (transport == tcp_transport && init_state == conn_new_cmd) {
       20:  702:        if (getpeername(sfd, (struct sockaddr *) &c->request_addr,
        -:  703:                        &c->request_addr_size)) {
    #####:  704:            perror("getpeername");
    #####:  705:            memset(&c->request_addr, 0, sizeof(c->request_addr));
        -:  706:        }
        -:  707:    }
        -:  708:
     1334:  709:    if (init_state == conn_new_cmd) {
     1136:  710:        LOGGER_LOG(NULL, LOG_CONNEVENTS, LOGGER_CONNECTION_NEW, NULL,
        -:  711:                &c->request_addr, c->request_addr_size, c->transport, 0, sfd);
        -:  712:    }
        -:  713:
     1334:  714:    if (settings.verbose > 1) {
        6:  715:        if (init_state == conn_listening) {
        6:  716:            fprintf(stderr, "<%d server listening (%s)\n", sfd,
        -:  717:                prot_text(c->protocol));
        3:  718:        } else if (IS_UDP(transport)) {
    #####:  719:            fprintf(stderr, "<%d server listening (udp)\n", sfd);
        3:  720:        } else if (c->protocol == negotiating_prot) {
        1:  721:            fprintf(stderr, "<%d new auto-negotiating client connection\n",
        -:  722:                    sfd);
        2:  723:        } else if (c->protocol == ascii_prot) {
        1:  724:            fprintf(stderr, "<%d new ascii client connection.\n", sfd);
        1:  725:        } else if (c->protocol == binary_prot) {
        1:  726:            fprintf(stderr, "<%d new binary client connection.\n", sfd);
        -:  727:        } else {
    #####:  728:            fprintf(stderr, "<%d new unknown (%d) client connection\n",
        -:  729:                sfd, c->protocol);
    #####:  730:            assert(false);
        -:  731:        }
        -:  732:    }
        -:  733:
        -:  734:#ifdef TLS
        -:  735:    c->ssl = NULL;
        -:  736:    c->ssl_wbuf = NULL;
        -:  737:    c->ssl_enabled = false;
        -:  738:#endif
     1334:  739:    c->state = init_state;
     1334:  740:    c->rlbytes = 0;
     1334:  741:    c->cmd = -1;
     1334:  742:    c->rbytes = 0;
     1334:  743:    c->rcurr = c->rbuf;
     1334:  744:    c->ritem = 0;
     1334:  745:    c->rbuf_malloced = false;
     1334:  746:    c->item_malloced = false;
     1334:  747:    c->sasl_started = false;
     1334:  748:    c->set_stale = false;
     1334:  749:    c->mset_res = false;
     1334:  750:    c->close_after_write = false;
     1334:  751:    c->last_cmd_time = current_time; /* initialize for idle kicker */
        -:  752:    // wipe all queues.
     1334:  753:    memset(c->io_queues, 0, sizeof(c->io_queues));
     1334:  754:    c->io_queues_submitted = 0;
        -:  755:
     1334:  756:    c->item = 0;
        -:  757:
     1334:  758:    c->noreply = false;
        -:  759:
        -:  760:#ifdef TLS
        -:  761:    if (ssl) {
        -:  762:        c->ssl = (SSL*)ssl;
        -:  763:        c->read = ssl_read;
        -:  764:        c->sendmsg = ssl_sendmsg;
        -:  765:        c->write = ssl_write;
        -:  766:        c->ssl_enabled = true;
        -:  767:        SSL_set_info_callback(c->ssl, ssl_callback);
        -:  768:    } else
        -:  769:#else
        -:  770:    // This must be NULL if TLS is not enabled.
    1334*:  771:    assert(ssl == NULL);
        -:  772:#endif
        -:  773:    {
     1334:  774:        c->read = tcp_read;
     1334:  775:        c->sendmsg = tcp_sendmsg;
     1334:  776:        c->write = tcp_write;
        -:  777:    }
        -:  778:
     1334:  779:    if (IS_UDP(transport)) {
       72:  780:        c->try_read_command = try_read_command_udp;
        -:  781:    } else {
     1262:  782:        switch (c->protocol) {
        7:  783:            case ascii_prot:
        7:  784:                if (settings.auth_file == NULL) {
        4:  785:                    c->authenticated = true;
        4:  786:                    c->try_read_command = try_read_command_ascii;
        -:  787:                } else {
        3:  788:                    c->authenticated = false;
        3:  789:                    c->try_read_command = try_read_command_asciiauth;
        -:  790:                }
        -:  791:                break;
        6:  792:            case binary_prot:
        -:  793:                // binprot handles its own authentication via SASL parsing.
        6:  794:                c->authenticated = false;
        6:  795:                c->try_read_command = try_read_command_binary;
        6:  796:                break;
     1249:  797:            case negotiating_prot:
     1249:  798:                c->try_read_command = try_read_command_negotiate;
     1249:  799:                break;
        -:  800:        }
     1334:  801:    }
        -:  802:
     1334:  803:    event_set(&c->event, sfd, event_flags, event_handler, (void *)c);
     1334:  804:    event_base_set(base, &c->event);
     1334:  805:    c->ev_flags = event_flags;
        -:  806:
     1334:  807:    if (event_add(&c->event, 0) == -1) {
    #####:  808:        perror("event_add");
    #####:  809:        return NULL;
        -:  810:    }
        -:  811:
     1334:  812:    STATS_LOCK();
     1334:  813:    stats_state.curr_conns++;
     1334:  814:    stats.total_conns++;
     1334:  815:    STATS_UNLOCK();
        -:  816:
     1334:  817:    MEMCACHED_CONN_ALLOCATE(c->sfd);
        -:  818:
     1334:  819:    return c;
        -:  820:}
        -:  821:
   461896:  822:void conn_release_items(conn *c) {
  461896*:  823:    assert(c != NULL);
        -:  824:
   461896:  825:    if (c->item) {
        2:  826:        if (c->item_malloced) {
    #####:  827:            free(c->item);
    #####:  828:            c->item_malloced = false;
        -:  829:        } else {
        2:  830:            item_remove(c->item);
        -:  831:        }
        2:  832:        c->item = 0;
        -:  833:    }
        -:  834:
        -:  835:    // Cull any unsent responses.
   461896:  836:    if (c->resp_head) {
        -:  837:        mc_resp *resp = c->resp_head;
        -:  838:        // r_f() handles the chain maintenance.
      120:  839:        while (resp) {
        -:  840:            // temporary by default. hide behind a debug flag in the future:
        -:  841:            // double free detection. Transmit loops can drop out early, but
        -:  842:            // here we could infinite loop.
       93:  843:            if (resp->free) {
    #####:  844:                fprintf(stderr, "ERROR: double free detected during conn_release_items(): [%d] [%s]\n",
    #####:  845:                        c->sfd, c->protocol == binary_prot ? "binary" : "ascii");
        -:  846:                // Since this is a critical failure, just leak the memory.
        -:  847:                // If these errors are seen, an abort() can be used instead.
    #####:  848:                c->resp_head = NULL;
    #####:  849:                c->resp = NULL;
    #####:  850:                break;
        -:  851:            }
       93:  852:            resp = resp_finish(c, resp);
        -:  853:        }
       27:  854:        conn_io_queue_reset(c);
        -:  855:    }
   461896:  856:}
        -:  857:
     1334:  858:static void conn_cleanup(conn *c) {
    1334*:  859:    assert(c != NULL);
        -:  860:
     1334:  861:    conn_release_items(c);
        -:  862:
     1334:  863:    if (c->sasl_conn) {
    #####:  864:        assert(settings.sasl);
    #####:  865:        sasl_dispose(&c->sasl_conn);
    #####:  866:        c->sasl_conn = NULL;
        -:  867:    }
        -:  868:
     1334:  869:    if (IS_UDP(c->transport)) {
       72:  870:        conn_set_state(c, conn_read);
        -:  871:    }
     1334:  872:}
        -:  873:
        -:  874:/*
        -:  875: * Frees a connection.
        -:  876: */
    #####:  877:void conn_free(conn *c) {
    #####:  878:    if (c) {
    #####:  879:        assert(c != NULL);
    #####:  880:        assert(c->sfd >= 0 && c->sfd < max_fds);
        -:  881:
    #####:  882:        MEMCACHED_CONN_DESTROY(c);
    #####:  883:        conns[c->sfd] = NULL;
    #####:  884:        if (c->rbuf)
    #####:  885:            free(c->rbuf);
        -:  886:#ifdef TLS
        -:  887:        if (c->ssl_wbuf)
        -:  888:            c->ssl_wbuf = NULL;
        -:  889:#endif
        -:  890:
    #####:  891:        free(c);
        -:  892:    }
    #####:  893:}
        -:  894:
     1334:  895:static void conn_close(conn *c) {
    1334*:  896:    assert(c != NULL);
        -:  897:
     1334:  898:    if (c->thread) {
    1208*:  899:        LOGGER_LOG(c->thread->l, LOG_CONNEVENTS, LOGGER_CONNECTION_CLOSE, NULL,
        -:  900:                &c->request_addr, c->request_addr_size, c->transport,
        -:  901:                c->close_reason, c->sfd);
        -:  902:    }
        -:  903:
        -:  904:    /* delete the event, the socket and the conn */
     1334:  905:    event_del(&c->event);
        -:  906:
     1334:  907:    if (settings.verbose > 1)
        6:  908:        fprintf(stderr, "<%d connection closed.\n", c->sfd);
        -:  909:
     1334:  910:    conn_cleanup(c);
        -:  911:
        -:  912:    // force release of read buffer.
     1334:  913:    if (c->thread) {
     1208:  914:        c->rbytes = 0;
     1208:  915:        rbuf_release(c);
        -:  916:    }
        -:  917:
     1334:  918:    MEMCACHED_CONN_RELEASE(c->sfd);
     1334:  919:    conn_set_state(c, conn_closed);
        -:  920:#ifdef TLS
        -:  921:    if (c->ssl) {
        -:  922:        SSL_shutdown(c->ssl);
        -:  923:        SSL_free(c->ssl);
        -:  924:    }
        -:  925:#endif
     1334:  926:    close(c->sfd);
     1334:  927:    c->close_reason = 0;
     1334:  928:    pthread_mutex_lock(&conn_lock);
     1334:  929:    allow_new_conns = true;
     1334:  930:    pthread_mutex_unlock(&conn_lock);
        -:  931:
     1334:  932:    STATS_LOCK();
     1334:  933:    stats_state.curr_conns--;
     1334:  934:    STATS_UNLOCK();
        -:  935:
     1334:  936:    return;
        -:  937:}
        -:  938:
        -:  939:// Since some connections might be off on side threads and some are managed as
        -:  940:// listeners we need to walk through them all from a central point.
        -:  941:// Must be called with all worker threads hung or in the process of closing.
      114:  942:void conn_close_all(void) {
      114:  943:    int i;
 59768946:  944:    for (i = 0; i < max_fds; i++) {
 59768832:  945:        if (conns[i] && conns[i]->state != conn_closed) {
      204:  946:            conn_close(conns[i]);
        -:  947:        }
        -:  948:    }
      114:  949:}
        -:  950:
        -:  951:/**
        -:  952: * Convert a state name to a human readable form.
        -:  953: */
       16:  954:static const char *state_text(enum conn_states state) {
       16:  955:    const char* const statenames[] = { "conn_listening",
        -:  956:                                       "conn_new_cmd",
        -:  957:                                       "conn_waiting",
        -:  958:                                       "conn_read",
        -:  959:                                       "conn_parse_cmd",
        -:  960:                                       "conn_write",
        -:  961:                                       "conn_nread",
        -:  962:                                       "conn_swallow",
        -:  963:                                       "conn_closing",
        -:  964:                                       "conn_mwrite",
        -:  965:                                       "conn_closed",
        -:  966:                                       "conn_watch",
        -:  967:                                       "conn_io_queue" };
       16:  968:    return statenames[state];
        -:  969:}
        -:  970:
        -:  971:/*
        -:  972: * Sets a connection's current state in the state machine. Any special
        -:  973: * processing that needs to happen on certain state transitions can
        -:  974: * happen here.
        -:  975: */
  3239736:  976:void conn_set_state(conn *c, enum conn_states state) {
 3239736*:  977:    assert(c != NULL);
 3239736*:  978:    assert(state >= conn_listening && state < conn_max_state);
        -:  979:
  3239736:  980:    if (state != c->state) {
  3239663:  981:        if (settings.verbose > 2) {
    #####:  982:            fprintf(stderr, "%d: going from %s to %s\n",
        -:  983:                    c->sfd, state_text(c->state),
        -:  984:                    state_text(state));
        -:  985:        }
        -:  986:
  3239663:  987:        if (state == conn_write || state == conn_mwrite) {
  3239663:  988:            MEMCACHED_PROCESS_COMMAND_END(c->sfd, c->resp->wbuf, c->resp->wbytes);
        -:  989:        }
  3239663:  990:        c->state = state;
        -:  991:    }
  3239736:  992:}
        -:  993:
        -:  994:/*
        -:  995: * response object helper functions
        -:  996: */
   459949:  997:void resp_reset(mc_resp *resp) {
   459949:  998:    if (resp->item) {
    #####:  999:        item_remove(resp->item);
    #####: 1000:        resp->item = NULL;
        -: 1001:    }
   459949: 1002:    if (resp->write_and_free) {
    #####: 1003:        free(resp->write_and_free);
    #####: 1004:        resp->write_and_free = NULL;
        -: 1005:    }
   459949: 1006:    resp->wbytes = 0;
   459949: 1007:    resp->tosend = 0;
   459949: 1008:    resp->iovcnt = 0;
   459949: 1009:    resp->chunked_data_iov = 0;
   459949: 1010:    resp->chunked_total = 0;
   459949: 1011:    resp->skip = false;
   459949: 1012:}
        -: 1013:
   528315: 1014:void resp_add_iov(mc_resp *resp, const void *buf, int len) {
  528315*: 1015:    assert(resp->iovcnt < MC_RESP_IOVCOUNT);
   528315: 1016:    int x = resp->iovcnt;
   528315: 1017:    resp->iov[x].iov_base = (void *)buf;
   528315: 1018:    resp->iov[x].iov_len = len;
   528315: 1019:    resp->iovcnt++;
   528315: 1020:    resp->tosend += len;
   528315: 1021:}
        -: 1022:
        -: 1023:// Notes that an IOV should be handled as a chunked item header.
        -: 1024:// TODO: I'm hoping this isn't a permanent abstraction while I learn what the
        -: 1025:// API should be.
    18975: 1026:void resp_add_chunked_iov(mc_resp *resp, const void *buf, int len) {
    18975: 1027:    resp->chunked_data_iov = resp->iovcnt;
    18975: 1028:    resp->chunked_total = len;
    18975: 1029:    resp_add_iov(resp, buf, len);
    18975: 1030:}
        -: 1031:
        -: 1032:// resp_allocate and resp_free are a wrapper around read buffers which makes
        -: 1033:// read buffers the only network memory to track.
        -: 1034:// Normally this would be too excessive. In this case it allows end users to
        -: 1035:// track a single memory limit for ephemeral connection buffers.
        -: 1036:// Fancy bit twiddling tricks are avoided to help keep this straightforward.
   615240: 1037:static mc_resp* resp_allocate(conn *c) {
   615240: 1038:    LIBEVENT_THREAD *th = c->thread;
   615240: 1039:    mc_resp *resp = NULL;
   615240: 1040:    mc_resp_bundle *b = th->open_bundle;
        -: 1041:
   615240: 1042:    if (b != NULL) {
  608871*: 1043:        for (int i = 0; i < MAX_RESP_PER_BUNDLE; i++) {
        -: 1044:            // loop around starting from the most likely to be free
   608871: 1045:            int x = (i + b->next_check) % MAX_RESP_PER_BUNDLE;
   608871: 1046:            if (b->r[x].free) {
   608871: 1047:                resp = &b->r[x];
   608871: 1048:                b->next_check = x+1;
   608871: 1049:                break;
        -: 1050:            }
        -: 1051:        }
        -: 1052:
   608871: 1053:        if (resp != NULL) {
   608871: 1054:            b->refcount++;
   608871: 1055:            resp->free = false;
   608871: 1056:            if (b->refcount == MAX_RESP_PER_BUNDLE) {
    6271*: 1057:                assert(b->prev == NULL);
        -: 1058:                // We only allocate off the head. Assign new head.
     6271: 1059:                th->open_bundle = b->next;
        -: 1060:                // Remove ourselves from the list.
     6271: 1061:                if (b->next) {
    #####: 1062:                    b->next->prev = 0;
    #####: 1063:                    b->next = 0;
        -: 1064:                }
        -: 1065:            }
        -: 1066:        }
        -: 1067:    }
        -: 1068:
   608871: 1069:    if (resp == NULL) {
    6369*: 1070:        assert(th->open_bundle == NULL);
     6369: 1071:        b = do_cache_alloc(th->rbuf_cache);
     6369: 1072:        if (b) {
     6367: 1073:            THR_STATS_LOCK(c);
     6367: 1074:            c->thread->stats.response_obj_bytes += READ_BUFFER_SIZE;
     6367: 1075:            THR_STATS_UNLOCK(c);
     6367: 1076:            b->next_check = 1;
     6367: 1077:            b->refcount = 1;
    89138: 1078:            for (int i = 0; i < MAX_RESP_PER_BUNDLE; i++) {
    82771: 1079:                b->r[i].bundle = b;
    82771: 1080:                b->r[i].free = true;
        -: 1081:            }
     6367: 1082:            b->next = 0;
     6367: 1083:            b->prev = 0;
     6367: 1084:            th->open_bundle = b;
     6367: 1085:            resp = &b->r[0];
     6367: 1086:            resp->free = false;
        -: 1087:        } else {
        -: 1088:            return NULL;
        -: 1089:        }
        -: 1090:    }
        -: 1091:
        -: 1092:    return resp;
        -: 1093:}
        -: 1094:
   615238: 1095:static void resp_free(conn *c, mc_resp *resp) {
   615238: 1096:    LIBEVENT_THREAD *th = c->thread;
   615238: 1097:    mc_resp_bundle *b = resp->bundle;
        -: 1098:
   615238: 1099:    resp->free = true;
   615238: 1100:    b->refcount--;
   615238: 1101:    if (b->refcount == 0) {
   466828: 1102:        if (b == th->open_bundle && b->next == 0) {
        -: 1103:            // This is the final bundle. Just hold and reuse to skip init loop
  460583*: 1104:            assert(b->prev == 0);
   460583: 1105:            b->next_check = 0;
        -: 1106:        } else {
        -: 1107:            // Assert that we're either in the list or at the head.
    6245*: 1108:            assert((b->next || b->prev) || b == th->open_bundle);
        -: 1109:
        -: 1110:            // unlink from list.
     6245: 1111:            mc_resp_bundle **head = &th->open_bundle;
     6245: 1112:            if (*head == b) *head = b->next;
        -: 1113:            // Not tracking the tail.
    6245*: 1114:            assert(b->next != b && b->prev != b);
        -: 1115:
     6245: 1116:            if (b->next) b->next->prev = b->prev;
    6245*: 1117:            if (b->prev) b->prev->next = b->next;
        -: 1118:
        -: 1119:            // Now completely done with this buffer.
     6245: 1120:            do_cache_free(th->rbuf_cache, b);
     6245: 1121:            THR_STATS_LOCK(c);
     6245: 1122:            c->thread->stats.response_obj_bytes -= READ_BUFFER_SIZE;
     6245: 1123:            THR_STATS_UNLOCK(c);
        -: 1124:        }
        -: 1125:    } else {
   148410: 1126:        mc_resp_bundle **head = &th->open_bundle;
        -: 1127:        // NOTE: since we're not tracking tail, latest free ends up in head.
   148410: 1128:        if (b == th->open_bundle || (b->prev || b->next)) {
        -: 1129:            // If we're already linked, leave it in place to save CPU.
        -: 1130:        } else {
        -: 1131:            // Non-zero refcount, need to link into the freelist.
     6271: 1132:            b->prev = 0;
     6271: 1133:            b->next = *head;
     6271: 1134:            if (b->next) b->next->prev = b;
     6271: 1135:            *head = b;
        -: 1136:        }
        -: 1137:
        -: 1138:    }
   615238: 1139:}
        -: 1140:
   615240: 1141:bool resp_start(conn *c) {
   615240: 1142:    mc_resp *resp = resp_allocate(c);
   615240: 1143:    if (!resp) {
        2: 1144:        THR_STATS_LOCK(c);
        2: 1145:        c->thread->stats.response_obj_oom++;
        2: 1146:        THR_STATS_UNLOCK(c);
        2: 1147:        return false;
        -: 1148:    }
        -: 1149:    // handling the stats counters here to simplify testing
   615238: 1150:    THR_STATS_LOCK(c);
   615238: 1151:    c->thread->stats.response_obj_count++;
   615238: 1152:    THR_STATS_UNLOCK(c);
        -: 1153:    // Skip zeroing the bundle pointer at the start.
        -: 1154:    // TODO: this line is here temporarily to make the code easy to disable.
        -: 1155:    // when it's more mature, move the memset into resp_allocate() and have it
        -: 1156:    // set the bundle pointer on allocate so this line isn't as complex.
   615238: 1157:    memset((char *)resp + sizeof(mc_resp_bundle*), 0, sizeof(*resp) - sizeof(mc_resp_bundle*));
        -: 1158:    // TODO: this next line works. memset _does_ show up significantly under
        -: 1159:    // perf reports due to zeroing out the entire resp->wbuf. before swapping
        -: 1160:    // the lines more validation work should be done to ensure wbuf's aren't
        -: 1161:    // accidentally reused without being written to.
        -: 1162:    //memset((char *)resp + sizeof(mc_resp_bundle*), 0, offsetof(mc_resp, wbuf));
   615238: 1163:    if (!c->resp_head) {
   460585: 1164:        c->resp_head = resp;
        -: 1165:    }
   615238: 1166:    if (!c->resp) {
   460585: 1167:        c->resp = resp;
        -: 1168:    } else {
   154653: 1169:        c->resp->next = resp;
   154653: 1170:        c->resp = resp;
        -: 1171:    }
   615238: 1172:    if (IS_UDP(c->transport)) {
        -: 1173:        // need to hold on to some data for async responses.
       18: 1174:        c->resp->request_id = c->request_id;
       18: 1175:        c->resp->request_addr = c->request_addr;
       18: 1176:        c->resp->request_addr_size = c->request_addr_size;
        -: 1177:    }
        -: 1178:    return true;
        -: 1179:}
        -: 1180:
        -: 1181:// returns next response in chain.
   615238: 1182:mc_resp* resp_finish(conn *c, mc_resp *resp) {
   615238: 1183:    mc_resp *next = resp->next;
   615238: 1184:    if (resp->item) {
        -: 1185:        // TODO: cache hash value in resp obj?
    55027: 1186:        item_remove(resp->item);
    55027: 1187:        resp->item = NULL;
        -: 1188:    }
   615238: 1189:    if (resp->write_and_free) {
     2971: 1190:        free(resp->write_and_free);
        -: 1191:    }
   615238: 1192:    if (resp->io_pending) {
        -: 1193:        // If we had a pending IO, tell it to internally clean up then return
        -: 1194:        // the main object back to our thread cache.
      388: 1195:        io_queue_cb_t *qcb = thread_io_queue_get(c->thread, resp->io_pending->io_queue_type);
      388: 1196:        qcb->finalize_cb(resp->io_pending);
      388: 1197:        do_cache_free(c->thread->io_cache, resp->io_pending);
      388: 1198:        resp->io_pending = NULL;
        -: 1199:    }
   615238: 1200:    if (c->resp_head == resp) {
   615238: 1201:        c->resp_head = next;
        -: 1202:    }
   615238: 1203:    if (c->resp == resp) {
   460585: 1204:        c->resp = NULL;
        -: 1205:    }
   615238: 1206:    resp_free(c, resp);
   615238: 1207:    THR_STATS_LOCK(c);
   615238: 1208:    c->thread->stats.response_obj_count--;
   615238: 1209:    THR_STATS_UNLOCK(c);
   615238: 1210:    return next;
        -: 1211:}
        -: 1212:
        -: 1213:// tells if connection has a depth of response objects to process.
       13: 1214:bool resp_has_stack(conn *c) {
       13: 1215:    return c->resp_head->next != NULL ? true : false;
        -: 1216:}
        -: 1217:
   445075: 1218:void out_string(conn *c, const char *str) {
   445075: 1219:    size_t len;
  445075*: 1220:    assert(c != NULL);
   445075: 1221:    mc_resp *resp = c->resp;
        -: 1222:
        -: 1223:    // if response was original filled with something, but we're now writing
        -: 1224:    // out an error or similar, have to reset the object first.
        -: 1225:    // TODO: since this is often redundant with allocation, how many callers
        -: 1226:    // are actually requiring it be reset? Can we fast test by just looking at
        -: 1227:    // tosend and reset if nonzero?
   445075: 1228:    resp_reset(resp);
        -: 1229:
   445075: 1230:    if (c->noreply) {
        -: 1231:        // TODO: just invalidate the response since nothing's been attempted
        -: 1232:        // to send yet?
   162854: 1233:        resp->skip = true;
   162854: 1234:        if (settings.verbose > 1)
    #####: 1235:            fprintf(stderr, ">%d NOREPLY %s\n", c->sfd, str);
   162854: 1236:        conn_set_state(c, conn_new_cmd);
   162854: 1237:        return;
        -: 1238:    }
        -: 1239:
   282221: 1240:    if (settings.verbose > 1)
    #####: 1241:        fprintf(stderr, ">%d %s\n", c->sfd, str);
        -: 1242:
        -: 1243:    // Fill response object with static string.
        -: 1244:
   282221: 1245:    len = strlen(str);
   282221: 1246:    if ((len + 2) > WRITE_BUFFER_SIZE) {
        -: 1247:        /* ought to be always enough. just fail for simplicity */
    #####: 1248:        str = "SERVER_ERROR output line too long";
    #####: 1249:        len = strlen(str);
        -: 1250:    }
        -: 1251:
   282221: 1252:    memcpy(resp->wbuf, str, len);
   282221: 1253:    memcpy(resp->wbuf + len, "\r\n", 2);
   282221: 1254:    resp_add_iov(resp, resp->wbuf, len + 2);
        -: 1255:
   282221: 1256:    conn_set_state(c, conn_new_cmd);
   282221: 1257:    return;
        -: 1258:}
        -: 1259:
        -: 1260:// For metaget-style ASCII commands. Ignores noreply, ensuring clients see
        -: 1261:// protocol level errors.
        4: 1262:void out_errstring(conn *c, const char *str) {
        4: 1263:    c->noreply = false;
        4: 1264:    out_string(c, str);
        4: 1265:}
        -: 1266:
        -: 1267:/*
        -: 1268: * Outputs a protocol-specific "out of memory" error. For ASCII clients,
        -: 1269: * this is equivalent to out_string().
        -: 1270: */
        7: 1271:void out_of_memory(conn *c, char *ascii_error) {
        7: 1272:    const static char error_prefix[] = "SERVER_ERROR ";
        7: 1273:    const static int error_prefix_len = sizeof(error_prefix) - 1;
        -: 1274:
        7: 1275:    if (c->protocol == binary_prot) {
        -: 1276:        /* Strip off the generic error prefix; it's irrelevant in binary */
    #####: 1277:        if (!strncmp(ascii_error, error_prefix, error_prefix_len)) {
    #####: 1278:            ascii_error += error_prefix_len;
        -: 1279:        }
    #####: 1280:        write_bin_error(c, PROTOCOL_BINARY_RESPONSE_ENOMEM, ascii_error, 0);
        -: 1281:    } else {
        7: 1282:        out_string(c, ascii_error);
        -: 1283:    }
        7: 1284:}
        -: 1285:
     3039: 1286:static void append_bin_stats(const char *key, const uint16_t klen,
        -: 1287:                             const char *val, const uint32_t vlen,
        -: 1288:                             conn *c) {
     3039: 1289:    char *buf = c->stats.buffer + c->stats.offset;
     3039: 1290:    uint32_t bodylen = klen + vlen;
     3039: 1291:    protocol_binary_response_header header = {
        -: 1292:        .response.magic = (uint8_t)PROTOCOL_BINARY_RES,
        -: 1293:        .response.opcode = PROTOCOL_BINARY_CMD_STAT,
     3039: 1294:        .response.keylen = (uint16_t)htons(klen),
        -: 1295:        .response.datatype = (uint8_t)PROTOCOL_BINARY_RAW_BYTES,
     3039: 1296:        .response.bodylen = htonl(bodylen),
     3039: 1297:        .response.opaque = c->opaque
        -: 1298:    };
        -: 1299:
     3039: 1300:    memcpy(buf, header.bytes, sizeof(header.response));
     3039: 1301:    buf += sizeof(header.response);
        -: 1302:
     3039: 1303:    if (klen > 0) {
     2997: 1304:        memcpy(buf, key, klen);
     2997: 1305:        buf += klen;
        -: 1306:
     2997: 1307:        if (vlen > 0) {
     2997: 1308:            memcpy(buf, val, vlen);
        -: 1309:        }
        -: 1310:    }
        -: 1311:
     3039: 1312:    c->stats.offset += sizeof(header.response) + bodylen;
     3039: 1313:}
        -: 1314:
   259039: 1315:static void append_ascii_stats(const char *key, const uint16_t klen,
        -: 1316:                               const char *val, const uint32_t vlen,
        -: 1317:                               conn *c) {
   259039: 1318:    char *pos = c->stats.buffer + c->stats.offset;
   259039: 1319:    uint32_t nbytes = 0;
   259039: 1320:    int remaining = c->stats.size - c->stats.offset;
   259039: 1321:    int room = remaining - 1;
        -: 1322:
   259039: 1323:    if (klen == 0 && vlen == 0) {
     2919: 1324:        nbytes = snprintf(pos, room, "END\r\n");
   256120: 1325:    } else if (vlen == 0) {
    #####: 1326:        nbytes = snprintf(pos, room, "STAT %s\r\n", key);
        -: 1327:    } else {
   256120: 1328:        nbytes = snprintf(pos, room, "STAT %s %s\r\n", key, val);
        -: 1329:    }
        -: 1330:
   259039: 1331:    c->stats.offset += nbytes;
   259039: 1332:}
        -: 1333:
   262078: 1334:static bool grow_stats_buf(conn *c, size_t needed) {
   262078: 1335:    size_t nsize = c->stats.size;
   262078: 1336:    size_t available = nsize - c->stats.offset;
   262078: 1337:    bool rv = true;
        -: 1338:
        -: 1339:    /* Special case: No buffer -- need to allocate fresh */
   262078: 1340:    if (c->stats.buffer == NULL) {
     2961: 1341:        nsize = 1024;
     2961: 1342:        available = c->stats.size = c->stats.offset = 0;
        -: 1343:    }
        -: 1344:
   267827: 1345:    while (needed > available) {
    5749*: 1346:        assert(nsize > 0);
     5749: 1347:        nsize = nsize << 1;
     5749: 1348:        available = nsize - c->stats.offset;
        -: 1349:    }
        -: 1350:
   262078: 1351:    if (nsize != c->stats.size) {
     5749: 1352:        char *ptr = realloc(c->stats.buffer, nsize);
     5749: 1353:        if (ptr) {
     5749: 1354:            c->stats.buffer = ptr;
     5749: 1355:            c->stats.size = nsize;
        -: 1356:        } else {
    #####: 1357:            STATS_LOCK();
    #####: 1358:            stats.malloc_fails++;
    #####: 1359:            STATS_UNLOCK();
    #####: 1360:            rv = false;
        -: 1361:        }
        -: 1362:    }
        -: 1363:
   262078: 1364:    return rv;
        -: 1365:}
        -: 1366:
   262078: 1367:void append_stats(const char *key, const uint16_t klen,
        -: 1368:                  const char *val, const uint32_t vlen,
        -: 1369:                  const void *cookie)
        -: 1370:{
        -: 1371:    /* value without a key is invalid */
   262078: 1372:    if (klen == 0 && vlen > 0) {
        -: 1373:        return;
        -: 1374:    }
        -: 1375:
   262078: 1376:    conn *c = (conn*)cookie;
        -: 1377:
   262078: 1378:    if (c->protocol == binary_prot) {
     3039: 1379:        size_t needed = vlen + klen + sizeof(protocol_binary_response_header);
     3039: 1380:        if (!grow_stats_buf(c, needed)) {
        -: 1381:            return;
        -: 1382:        }
     3039: 1383:        append_bin_stats(key, klen, val, vlen, c);
        -: 1384:    } else {
   259039: 1385:        size_t needed = vlen + klen + 10; // 10 == "STAT = \r\n"
   259039: 1386:        if (!grow_stats_buf(c, needed)) {
        -: 1387:            return;
        -: 1388:        }
   259039: 1389:        append_ascii_stats(key, klen, val, vlen, c);
        -: 1390:    }
        -: 1391:
  262078*: 1392:    assert(c->stats.offset <= c->stats.size);
        -: 1393:}
        -: 1394:
   935495: 1395:static void reset_cmd_handler(conn *c) {
   935495: 1396:    c->cmd = -1;
   935495: 1397:    c->substate = bin_no_state;
   935495: 1398:    if (c->item != NULL) {
        -: 1399:        // TODO: Any other way to get here?
        -: 1400:        // SASL auth was mistakenly using it. Nothing else should?
    #####: 1401:        if (c->item_malloced) {
    #####: 1402:            free(c->item);
    #####: 1403:            c->item_malloced = false;
        -: 1404:        } else {
    #####: 1405:            item_remove(c->item);
        -: 1406:        }
    #####: 1407:        c->item = NULL;
        -: 1408:    }
   935495: 1409:    if (c->rbytes > 0) {
   150434: 1410:        conn_set_state(c, conn_parse_cmd);
   785061: 1411:    } else if (c->resp_head) {
   334952: 1412:        conn_set_state(c, conn_mwrite);
        -: 1413:    } else {
   450109: 1414:        conn_set_state(c, conn_waiting);
        -: 1415:    }
   935495: 1416:}
        -: 1417:
   325880: 1418:static void complete_nread(conn *c) {
  325880*: 1419:    assert(c != NULL);
  325880*: 1420:    assert(c->protocol == ascii_prot
        -: 1421:           || c->protocol == binary_prot);
        -: 1422:
   325880: 1423:    if (c->protocol == ascii_prot) {
   301548: 1424:        complete_nread_ascii(c);
    24332: 1425:    } else if (c->protocol == binary_prot) {
    24332: 1426:        complete_nread_binary(c);
        -: 1427:    }
   325880: 1428:}
        -: 1429:
        -: 1430:/* Destination must always be chunked */
        -: 1431:/* This should be part of item.c */
    27032: 1432:static int _store_item_copy_chunks(item *d_it, item *s_it, const int len) {
    27032: 1433:    item_chunk *dch = (item_chunk *) ITEM_schunk(d_it);
        -: 1434:    /* Advance dch until we find free space */
    77099: 1435:    while (dch->size == dch->used) {
    77099: 1436:        if (dch->next) {
        -: 1437:            dch = dch->next;
        -: 1438:        } else {
        -: 1439:            break;
        -: 1440:        }
        -: 1441:    }
        -: 1442:
    27032: 1443:    if (s_it->it_flags & ITEM_CHUNKED) {
    13516: 1444:        int remain = len;
    13516: 1445:        item_chunk *sch = (item_chunk *) ITEM_schunk(s_it);
    13516: 1446:        int copied = 0;
        -: 1447:        /* Fills dch's to capacity, not straight copy sch in case data is
        -: 1448:         * being added or removed (ie append/prepend)
        -: 1449:         */
   136671: 1450:        while (sch && dch && remain) {
  123155*: 1451:            assert(dch->used <= dch->size);
   123155: 1452:            int todo = (dch->size - dch->used < sch->used - copied)
        -: 1453:                ? dch->size - dch->used : sch->used - copied;
   123155: 1454:            if (remain < todo)
        -: 1455:                todo = remain;
   123155: 1456:            memcpy(dch->data + dch->used, sch->data + copied, todo);
   123155: 1457:            dch->used += todo;
   123155: 1458:            copied += todo;
   123155: 1459:            remain -= todo;
  123155*: 1460:            assert(dch->used <= dch->size);
   123155: 1461:            if (dch->size == dch->used) {
    73103: 1462:                item_chunk *tch = do_item_alloc_chunk(dch, remain);
    73103: 1463:                if (tch) {
        -: 1464:                    dch = tch;
        -: 1465:                } else {
        -: 1466:                    return -1;
        -: 1467:                }
        -: 1468:            }
  123155*: 1469:            assert(copied <= sch->used);
   123155: 1470:            if (copied == sch->used) {
    93361: 1471:                copied = 0;
    93361: 1472:                sch = sch->next;
        -: 1473:            }
        -: 1474:        }
        -: 1475:        /* assert that the destination had enough space for the source */
   13516*: 1476:        assert(remain == 0);
        -: 1477:    } else {
        -: 1478:        int done = 0;
        -: 1479:        /* Fill dch's via a non-chunked item. */
    40548: 1480:        while (len > done && dch) {
    27032: 1481:            int todo = (dch->size - dch->used < len - done)
        -: 1482:                ? dch->size - dch->used : len - done;
        -: 1483:            //assert(dch->size - dch->used != 0);
    27032: 1484:            memcpy(dch->data + dch->used, ITEM_data(s_it) + done, todo);
    27032: 1485:            done += todo;
    27032: 1486:            dch->used += todo;
   27032*: 1487:            assert(dch->used <= dch->size);
    27032: 1488:            if (dch->size == dch->used) {
    27032: 1489:                item_chunk *tch = do_item_alloc_chunk(dch, len - done);
    27032: 1490:                if (tch) {
        -: 1491:                    dch = tch;
        -: 1492:                } else {
        -: 1493:                    return -1;
        -: 1494:                }
        -: 1495:            }
        -: 1496:        }
   13516*: 1497:        assert(len == done);
        -: 1498:    }
        -: 1499:    return 0;
        -: 1500:}
        -: 1501:
    16015: 1502:static int _store_item_copy_data(int comm, item *old_it, item *new_it, item *add_it) {
    16015: 1503:    if (comm == NREAD_APPEND) {
     8008: 1504:        if (new_it->it_flags & ITEM_CHUNKED) {
    13516: 1505:            if (_store_item_copy_chunks(new_it, old_it, old_it->nbytes - 2) == -1 ||
     6758: 1506:                _store_item_copy_chunks(new_it, add_it, add_it->nbytes) == -1) {
    #####: 1507:                return -1;
        -: 1508:            }
        -: 1509:        } else {
     1250: 1510:            memcpy(ITEM_data(new_it), ITEM_data(old_it), old_it->nbytes);
     1250: 1511:            memcpy(ITEM_data(new_it) + old_it->nbytes - 2 /* CRLF */, ITEM_data(add_it), add_it->nbytes);
        -: 1512:        }
        -: 1513:    } else {
        -: 1514:        /* NREAD_PREPEND */
     8007: 1515:        if (new_it->it_flags & ITEM_CHUNKED) {
    13516: 1516:            if (_store_item_copy_chunks(new_it, add_it, add_it->nbytes - 2) == -1 ||
     6758: 1517:                _store_item_copy_chunks(new_it, old_it, old_it->nbytes) == -1) {
    #####: 1518:                return -1;
        -: 1519:            }
        -: 1520:        } else {
     1249: 1521:            memcpy(ITEM_data(new_it), ITEM_data(add_it), add_it->nbytes);
     1249: 1522:            memcpy(ITEM_data(new_it) + add_it->nbytes - 2 /* CRLF */, ITEM_data(old_it), old_it->nbytes);
        -: 1523:        }
        -: 1524:    }
        -: 1525:    return 0;
        -: 1526:}
        -: 1527:
        -: 1528:/*
        -: 1529: * Stores an item in the cache according to the semantics of one of the set
        -: 1530: * commands. Protected by the item lock.
        -: 1531: *
        -: 1532: * Returns the state of storage.
        -: 1533: */
   325961: 1534:enum store_item_type do_store_item(item *it, int comm, conn *c, const uint32_t hv) {
   325961: 1535:    char *key = ITEM_key(it);
   325961: 1536:    item *old_it = do_item_get(key, it->nkey, hv, c, DONT_UPDATE);
   325961: 1537:    enum store_item_type stored = NOT_STORED;
        -: 1538:
   325961: 1539:    enum cas_result { CAS_NONE, CAS_MATCH, CAS_BADVAL, CAS_STALE, CAS_MISS };
        -: 1540:
   325961: 1541:    item *new_it = NULL;
   325961: 1542:    uint32_t flags;
        -: 1543:
        -: 1544:    /* Do the CAS test up front so we can apply to all store modes */
   325961: 1545:    enum cas_result cas_res = CAS_NONE;
        -: 1546:
   325961: 1547:    bool do_store = false;
   325961: 1548:    if (old_it != NULL) {
        -: 1549:        // Most of the CAS work requires something to compare to.
    36402: 1550:        uint64_t it_cas = ITEM_get_cas(it);
    36402: 1551:        uint64_t old_cas = ITEM_get_cas(old_it);
    36402: 1552:        if (it_cas == 0) {
        -: 1553:            cas_res = CAS_NONE;
       18: 1554:        } else if (it_cas == old_cas) {
        -: 1555:            cas_res = CAS_MATCH;
        8: 1556:        } else if (c->set_stale && it_cas < old_cas) {
        -: 1557:            cas_res = CAS_STALE;
        -: 1558:        } else {
        7: 1559:            cas_res = CAS_BADVAL;
        -: 1560:        }
        -: 1561:
    36402: 1562:        switch (comm) {
      648: 1563:            case NREAD_ADD:
        -: 1564:                /* add only adds a nonexistent item, but promote to head of LRU */
      648: 1565:                do_item_update(old_it);
      648: 1566:                break;
       20: 1567:            case NREAD_CAS:
       20: 1568:                if (cas_res == CAS_MATCH) {
        -: 1569:                    // cas validates
        -: 1570:                    // it and old_it may belong to different classes.
        -: 1571:                    // I'm updating the stats for the one that's getting pushed out
       10: 1572:                    pthread_mutex_lock(&c->thread->stats.mutex);
       10: 1573:                    c->thread->stats.slab_stats[ITEM_clsid(old_it)].cas_hits++;
       10: 1574:                    pthread_mutex_unlock(&c->thread->stats.mutex);
       10: 1575:                    do_store = true;
       10: 1576:                } else if (cas_res == CAS_STALE) {
        -: 1577:                    // if we're allowed to set a stale value, CAS must be lower than
        -: 1578:                    // the current item's CAS.
        -: 1579:                    // This replaces the value, but should preserve TTL, and stale
        -: 1580:                    // item marker bit + token sent if exists.
        1: 1581:                    it->exptime = old_it->exptime;
        1: 1582:                    it->it_flags |= ITEM_STALE;
        1: 1583:                    if (old_it->it_flags & ITEM_TOKEN_SENT) {
        1: 1584:                        it->it_flags |= ITEM_TOKEN_SENT;
        -: 1585:                    }
        -: 1586:
        1: 1587:                    pthread_mutex_lock(&c->thread->stats.mutex);
        1: 1588:                    c->thread->stats.slab_stats[ITEM_clsid(old_it)].cas_hits++;
        1: 1589:                    pthread_mutex_unlock(&c->thread->stats.mutex);
        1: 1590:                    do_store = true;
        -: 1591:                } else {
        -: 1592:                    // NONE or BADVAL are the same for CAS cmd
        9: 1593:                    pthread_mutex_lock(&c->thread->stats.mutex);
        9: 1594:                    c->thread->stats.slab_stats[ITEM_clsid(old_it)].cas_badval++;
        9: 1595:                    pthread_mutex_unlock(&c->thread->stats.mutex);
        -: 1596:
        9: 1597:                    if (settings.verbose > 1) {
    #####: 1598:                        fprintf(stderr, "CAS:  failure: expected %llu, got %llu\n",
    #####: 1599:                                (unsigned long long)ITEM_get_cas(old_it),
    #####: 1600:                                (unsigned long long)ITEM_get_cas(it));
        -: 1601:                    }
        -: 1602:                    stored = EXISTS;
        -: 1603:                }
        -: 1604:                break;
    16017: 1605:            case NREAD_APPEND:
        -: 1606:            case NREAD_PREPEND:
    16017: 1607:                if (cas_res != CAS_NONE && cas_res != CAS_MATCH) {
        -: 1608:                    stored = EXISTS;
        -: 1609:                    break;
        -: 1610:                }
        -: 1611:#ifdef EXTSTORE
    16017: 1612:                if ((old_it->it_flags & ITEM_HDR) != 0) {
        -: 1613:                    /* block append/prepend from working with extstore-d items.
        -: 1614:                     * leave response code to NOT_STORED default */
        -: 1615:                    break;
        -: 1616:                }
        -: 1617:#endif
        -: 1618:                /* we have it and old_it here - alloc memory to hold both */
    16015: 1619:                FLAGS_CONV(old_it, flags);
    16015: 1620:                new_it = do_item_alloc(key, it->nkey, flags, old_it->exptime, it->nbytes + old_it->nbytes - 2 /* CRLF */);
        -: 1621:
        -: 1622:                // OOM trying to copy.
    16015: 1623:                if (new_it == NULL)
        -: 1624:                    break;
        -: 1625:                /* copy data from it and old_it to new_it */
    16015: 1626:                if (_store_item_copy_data(comm, old_it, new_it, it) == -1) {
        -: 1627:                    // failed data copy
        -: 1628:                    break;
        -: 1629:                } else {
        -: 1630:                    // refcount of new_it is 1 here. will end up 2 after link.
        -: 1631:                    // it's original ref is managed outside of this function
    16015: 1632:                    it = new_it;
    16015: 1633:                    do_store = true;
        -: 1634:                }
    16015: 1635:                break;
    19717: 1636:            case NREAD_REPLACE:
        -: 1637:            case NREAD_SET:
    19717: 1638:                do_store = true;
    19717: 1639:                break;
        -: 1640:        }
        -: 1641:
   36402*: 1642:        if (do_store) {
    35743: 1643:            STORAGE_delete(c->thread->storage, old_it);
    35743: 1644:            item_replace(old_it, it, hv);
    35743: 1645:            stored = STORED;
        -: 1646:        }
        -: 1647:
    36402: 1648:        do_item_remove(old_it);         /* release our reference */
    36402: 1649:        if (new_it != NULL) {
        -: 1650:            // append/prepend end up with an extra reference for new_it.
    16015: 1651:            do_item_remove(new_it);
        -: 1652:        }
        -: 1653:    } else {
        -: 1654:        /* No pre-existing item to replace or compare to. */
   289559: 1655:        if (ITEM_get_cas(it) != 0) {
        -: 1656:            /* Asked for a CAS match but nothing to compare it to. */
   289559: 1657:            cas_res = CAS_MISS;
        -: 1658:        }
        -: 1659:
   289559: 1660:        switch (comm) {
        -: 1661:            case NREAD_ADD:
        -: 1662:            case NREAD_SET:
   289454: 1663:                do_store = true;
   289454: 1664:                break;
        3: 1665:            case NREAD_CAS:
        -: 1666:                // LRU expired
        3: 1667:                stored = NOT_FOUND;
        3: 1668:                pthread_mutex_lock(&c->thread->stats.mutex);
        3: 1669:                c->thread->stats.cas_misses++;
        3: 1670:                pthread_mutex_unlock(&c->thread->stats.mutex);
        3: 1671:                break;
        -: 1672:            case NREAD_REPLACE:
        -: 1673:            case NREAD_APPEND:
        -: 1674:            case NREAD_PREPEND:
        -: 1675:                /* Requires an existing item. */
        -: 1676:                break;
        -: 1677:        }
        -: 1678:
        3: 1679:        if (do_store) {
   289454: 1680:            do_item_link(it, hv);
[...]
    #####: 5664:            exit(EX_OSERR);
        -: 5665:        }
        -: 5666:    }
        -: 5667:
        -: 5668:    /*
        -: 5669:     * If needed, increase rlimits to allow as many connections
        -: 5670:     * as needed.
        -: 5671:     */
        -: 5672:
      117: 5673:    if (getrlimit(RLIMIT_NOFILE, &rlim) != 0) {
    #####: 5674:        fprintf(stderr, "failed to getrlimit number of files\n");
    #####: 5675:        exit(EX_OSERR);
        -: 5676:    } else {
        -: 5677:#ifdef MEMCACHED_DEBUG
      117: 5678:        if (rlim.rlim_cur < settings.maxconns || rlim.rlim_max < settings.maxconns) {
        -: 5679:#endif
    #####: 5680:        rlim.rlim_cur = settings.maxconns;
    #####: 5681:        rlim.rlim_max = settings.maxconns;
    #####: 5682:        if (setrlimit(RLIMIT_NOFILE, &rlim) != 0) {
    #####: 5683:            fprintf(stderr, "failed to set rlimit for open files. Try starting as root or requesting smaller maxconns value.\n");
    #####: 5684:            exit(EX_OSERR);
        -: 5685:        }
        -: 5686:#ifdef MEMCACHED_DEBUG
        -: 5687:        }
        -: 5688:#endif
        -: 5689:    }
        -: 5690:
        -: 5691:    /* lose root privileges if we have them */
      117: 5692:    if (getuid() == 0 || geteuid() == 0) {
    #####: 5693:        if (username == 0 || *username == '\0') {
    #####: 5694:            fprintf(stderr, "can't run as root without the -u switch\n");
    #####: 5695:            exit(EX_USAGE);
        -: 5696:        }
    #####: 5697:        if ((pw = getpwnam(username)) == 0) {
    #####: 5698:            fprintf(stderr, "can't find the user %s to switch to\n", username);
    #####: 5699:            exit(EX_NOUSER);
        -: 5700:        }
    #####: 5701:        if (setgroups(0, NULL) < 0) {
        -: 5702:            /* setgroups may fail with EPERM, indicating we are already in a
        -: 5703:             * minimally-privileged state. In that case we continue. For all
        -: 5704:             * other failure codes we exit.
        -: 5705:             *
        -: 5706:             * Note that errno is stored here because fprintf may change it.
        -: 5707:             */
    #####: 5708:            bool should_exit = errno != EPERM;
    #####: 5709:            fprintf(stderr, "failed to drop supplementary groups: %s\n",
        -: 5710:                    strerror(errno));
    #####: 5711:            if (should_exit) {
    #####: 5712:                exit(EX_OSERR);
        -: 5713:            }
        -: 5714:        }
    #####: 5715:        if (setgid(pw->pw_gid) < 0 || setuid(pw->pw_uid) < 0) {
    #####: 5716:            fprintf(stderr, "failed to assume identity of user %s\n", username);
    #####: 5717:            exit(EX_OSERR);
        -: 5718:        }
        -: 5719:    }
        -: 5720:
        -: 5721:    /* Initialize Sasl if -S was specified */
      117: 5722:    if (settings.sasl) {
      117: 5723:        init_sasl();
        -: 5724:    }
        -: 5725:
        -: 5726:    /* daemonize if requested */
        -: 5727:    /* if we want to ensure our ability to dump core, don't chdir to / */
      117: 5728:    if (do_daemonize) {
        2: 5729:        if (signal(SIGHUP, SIG_IGN) == SIG_ERR) {
    #####: 5730:            perror("Failed to ignore SIGHUP");
        -: 5731:        }
        2: 5732:        if (daemonize(maxcore, settings.verbose) == -1) {
    #####: 5733:            fprintf(stderr, "failed to daemon() in order to daemonize\n");
    #####: 5734:            exit(EXIT_FAILURE);
        -: 5735:        }
        -: 5736:    }
        -: 5737:
        -: 5738:    /* lock paged memory if needed */
      116: 5739:    if (lock_memory) {
        -: 5740:#ifdef HAVE_MLOCKALL
    #####: 5741:        int res = mlockall(MCL_CURRENT | MCL_FUTURE);
    #####: 5742:        if (res != 0) {
    #####: 5743:            fprintf(stderr, "warning: -k invalid, mlockall() failed: %s\n",
    #####: 5744:                    strerror(errno));
        -: 5745:        }
        -: 5746:#else
        -: 5747:        fprintf(stderr, "warning: -k invalid, mlockall() not supported on this platform.  proceeding without.\n");
        -: 5748:#endif
        -: 5749:    }
        -: 5750:
        -: 5751:    /* initialize main thread libevent instance */
        -: 5752:#if defined(LIBEVENT_VERSION_NUMBER) && LIBEVENT_VERSION_NUMBER >= 0x02000101
        -: 5753:    /* If libevent version is larger/equal to 2.0.2-alpha, use newer version */
      116: 5754:    struct event_config *ev_config;
      116: 5755:    ev_config = event_config_new();
      116: 5756:    event_config_set_flag(ev_config, EVENT_BASE_FLAG_NOLOCK);
      116: 5757:    main_base = event_base_new_with_config(ev_config);
      116: 5758:    event_config_free(ev_config);
        -: 5759:#else
        -: 5760:    /* Otherwise, use older API */
        -: 5761:    main_base = event_init();
        -: 5762:#endif
        -: 5763:
        -: 5764:    /* Load initial auth file if required */
      116: 5765:    if (settings.auth_file) {
        1: 5766:        if (settings.udpport) {
    #####: 5767:            fprintf(stderr, "Cannot use UDP with ascii authentication enabled (-U 0 to disable)\n");
    #####: 5768:            exit(EX_USAGE);
        -: 5769:        }
        -: 5770:
        1: 5771:        switch (authfile_load(settings.auth_file)) {
    #####: 5772:            case AUTHFILE_STATFAIL:
    #####: 5773:                vperror("Could not stat authfile [%s], error %s", settings.auth_file
    #####: 5774:                                                            , strerror(errno));
    #####: 5775:                exit(EXIT_FAILURE);
    #####: 5776:                break;
    #####: 5777:            case AUTHFILE_OPENFAIL:
    #####: 5778:                vperror("Could not open authfile [%s] for reading, error %s", settings.auth_file
    #####: 5779:                                                                           , strerror(errno));
    #####: 5780:                exit(EXIT_FAILURE);
    #####: 5781:                break;
    #####: 5782:            case AUTHFILE_OOM:
    #####: 5783:                fprintf(stderr, "Out of memory reading password file: %s", settings.auth_file);
    #####: 5784:                exit(EXIT_FAILURE);
    #####: 5785:                break;
    #####: 5786:            case AUTHFILE_MALFORMED:
    #####: 5787:                fprintf(stderr, "Authfile [%s] has a malformed entry. Should be 'user:password'", settings.auth_file);
    #####: 5788:                exit(EXIT_FAILURE);
        -: 5789:                break;
        -: 5790:            case AUTHFILE_OK:
        -: 5791:                break;
        -: 5792:        }
      115: 5793:    }
        -: 5794:
        -: 5795:    /* initialize other stuff */
      116: 5796:    stats_init();
      116: 5797:    logger_init();
      116: 5798:    conn_init();
      116: 5799:    bool reuse_mem = false;
      116: 5800:    void *mem_base = NULL;
      116: 5801:    bool prefill = false;
      116: 5802:    if (settings.memory_file != NULL) {
        2: 5803:        preallocate = true;
        -: 5804:        // Easier to manage memory if we prefill the global pool when reusing.
        2: 5805:        prefill = true;
        2: 5806:        restart_register("main", _mc_meta_load_cb, _mc_meta_save_cb, meta);
        4: 5807:        reuse_mem = restart_mmap_open(settings.maxbytes,
        2: 5808:                        settings.memory_file,
        -: 5809:                        &mem_base);
        -: 5810:        // The "save" callback gets called when we're closing out the mmap,
        -: 5811:        // but we don't know what the mmap_base is until after we call open.
        -: 5812:        // So we pass the struct above but have to fill it in here so the
        -: 5813:        // data's available during the save routine.
        2: 5814:        meta->mmap_base = mem_base;
        -: 5815:        // Also, the callbacks for load() run before _open returns, so we
        -: 5816:        // should have the old base in 'meta' as of here.
        -: 5817:    }
        -: 5818:    // Initialize the hash table _after_ checking restart metadata.
        -: 5819:    // We override the hash table start argument with what was live
        -: 5820:    // previously, to avoid filling a huge set of items into a tiny hash
        -: 5821:    // table.
      116: 5822:    assoc_init(settings.hashpower_init);
        -: 5823:#ifdef EXTSTORE
      116: 5824:    if (storage_enabled && reuse_mem) {
    #####: 5825:        fprintf(stderr, "[restart] memory restart with extstore not presently supported.\n");
    #####: 5826:        reuse_mem = false;
        -: 5827:    }
        -: 5828:#endif
      232: 5829:    slabs_init(settings.maxbytes, settings.factor, preallocate,
        -: 5830:            use_slab_sizes ? slab_sizes : NULL, mem_base, reuse_mem);
        -: 5831:#ifdef EXTSTORE
      116: 5832:    if (storage_enabled) {
        8: 5833:        storage = storage_init(storage_cf);
        8: 5834:        if (storage == NULL) {
        1: 5835:            exit(EXIT_FAILURE);
        -: 5836:        }
        7: 5837:        ext_storage = storage;
        -: 5838:        /* page mover algorithm for extstore needs memory prefilled */
        7: 5839:        prefill = true;
        -: 5840:    }
        -: 5841:#endif
        -: 5842:
      115: 5843:    if (settings.drop_privileges) {
      115: 5844:        setup_privilege_violations_handler();
        -: 5845:    }
        -: 5846:
      115: 5847:    if (prefill)
        9: 5848:        slabs_prefill_global();
        -: 5849:    /* In restartable mode and we've decided to issue a fixup on memory */
      115: 5850:    if (settings.memory_file != NULL && reuse_mem) {
        1: 5851:        mc_ptr_t old_base = meta->old_base;
        1: 5852:        assert(old_base == meta->old_base);
        -: 5853:
        -: 5854:        // should've pulled in process_started from meta file.
        1: 5855:        process_started = meta->process_started;
        -: 5856:        // TODO: must be a more canonical way of serializing/deserializing
        -: 5857:        // pointers? passing through uint64_t should work, and we're not
        -: 5858:        // annotating the pointer with anything, but it's still slightly
        -: 5859:        // insane.
        1: 5860:        restart_fixup((void *)old_base);
        -: 5861:    }
        -: 5862:    /*
        -: 5863:     * ignore SIGPIPE signals; we can use errno == EPIPE if we
        -: 5864:     * need that information
        -: 5865:     */
      115: 5866:    if (signal(SIGPIPE, SIG_IGN) == SIG_ERR) {
    #####: 5867:        perror("failed to ignore SIGPIPE; sigaction");
    #####: 5868:        exit(EX_OSERR);
        -: 5869:    }
        -: 5870:    /* start up worker threads if MT mode */
        -: 5871:#ifdef EXTSTORE
      115: 5872:    slabs_set_storage(storage);
      115: 5873:    memcached_thread_init(settings.num_threads, storage);
      115: 5874:    init_lru_crawler(storage);
        -: 5875:#else
        -: 5876:    memcached_thread_init(settings.num_threads, NULL);
        -: 5877:    init_lru_crawler(NULL);
        -: 5878:#endif
        -: 5879:
      115: 5880:    if (start_assoc_maint && start_assoc_maintenance_thread() == -1) {
    #####: 5881:        exit(EXIT_FAILURE);
        -: 5882:    }
      115: 5883:    if (start_lru_crawler && start_item_crawler_thread() != 0) {
    #####: 5884:        fprintf(stderr, "Failed to enable LRU crawler thread\n");
    #####: 5885:        exit(EXIT_FAILURE);
        -: 5886:    }
        -: 5887:#ifdef EXTSTORE
      115: 5888:    if (storage && start_storage_compact_thread(storage) != 0) {
    #####: 5889:        fprintf(stderr, "Failed to start storage compaction thread\n");
    #####: 5890:        exit(EXIT_FAILURE);
        -: 5891:    }
      115: 5892:    if (storage && start_storage_write_thread(storage) != 0) {
    #####: 5893:        fprintf(stderr, "Failed to start storage writer thread\n");
    #####: 5894:        exit(EXIT_FAILURE);
        -: 5895:    }
        -: 5896:
      115: 5897:    if (start_lru_maintainer && start_lru_maintainer_thread(storage) != 0) {
        -: 5898:#else
        -: 5899:    if (start_lru_maintainer && start_lru_maintainer_thread(NULL) != 0) {
        -: 5900:#endif
    #####: 5901:        fprintf(stderr, "Failed to enable LRU maintainer thread\n");
    #####: 5902:        free(meta);
    #####: 5903:        return 1;
        -: 5904:    }
        -: 5905:
      223: 5906:    if (settings.slab_reassign &&
      108: 5907:        start_slab_maintenance_thread() == -1) {
    #####: 5908:        exit(EXIT_FAILURE);
        -: 5909:    }
        -: 5910:
      115: 5911:    if (settings.idle_timeout && start_conn_timeout_thread() == -1) {
    #####: 5912:        exit(EXIT_FAILURE);
        -: 5913:    }
        -: 5914:
        -: 5915:    /* initialise clock event */
        -: 5916:#if defined(HAVE_CLOCK_GETTIME) && defined(CLOCK_MONOTONIC)
        -: 5917:    {
      115: 5918:        struct timespec ts;
      115: 5919:        if (clock_gettime(CLOCK_MONOTONIC, &ts) == 0) {
      115: 5920:            monotonic = true;
      115: 5921:            monotonic_start = ts.tv_sec;
        -: 5922:            // Monotonic clock needs special handling for restarts.
        -: 5923:            // We get a start time at an arbitrary place, so we need to
        -: 5924:            // restore the original time delta, which is always "now" - _start
      115: 5925:            if (reuse_mem) {
        -: 5926:                // the running timespan at stop time + the time we think we
        -: 5927:                // were stopped.
        1: 5928:                monotonic_start -= meta->current_time + meta->time_delta;
        -: 5929:            } else {
      114: 5930:                monotonic_start -= ITEM_UPDATE_INTERVAL + 2;
        -: 5931:            }
        -: 5932:        }
        -: 5933:    }
        -: 5934:#endif
      115: 5935:    clock_handler(0, 0, 0);
        -: 5936:
        -: 5937:    /* create unix mode sockets after dropping privileges */
      115: 5938:    if (settings.socketpath != NULL) {
       94: 5939:        errno = 0;
       94: 5940:        if (server_socket_unix(settings.socketpath,settings.access)) {
    #####: 5941:            vperror("failed to listen on UNIX socket: %s", settings.socketpath);
    #####: 5942:            exit(EX_OSERR);
        -: 5943:        }
        -: 5944:    }
        -: 5945:
        -: 5946:    /* create the listening socket, bind it, and init */
      115: 5947:    if (settings.socketpath == NULL) {
       21: 5948:        const char *portnumber_filename = getenv("MEMCACHED_PORT_FILENAME");
       21: 5949:        char *temp_portnumber_filename = NULL;
       21: 5950:        size_t len;
       21: 5951:        FILE *portnumber_file = NULL;
        -: 5952:
       21: 5953:        if (portnumber_filename != NULL) {
       14: 5954:            len = strlen(portnumber_filename)+4+1;
       14: 5955:            temp_portnumber_filename = malloc(len);
       14: 5956:            snprintf(temp_portnumber_filename,
        -: 5957:                     len,
        -: 5958:                     "%s.lck", portnumber_filename);
        -: 5959:
       14: 5960:            portnumber_file = fopen(temp_portnumber_filename, "a");
       14: 5961:            if (portnumber_file == NULL) {
    #####: 5962:                fprintf(stderr, "Failed to open \"%s\": %s\n",
    #####: 5963:                        temp_portnumber_filename, strerror(errno));
        -: 5964:            }
        -: 5965:        }
        -: 5966:
       21: 5967:        errno = 0;
       21: 5968:        if (settings.port && server_sockets(settings.port, tcp_transport,
        -: 5969:                                           portnumber_file)) {
        1: 5970:            vperror("failed to listen on TCP port %d", settings.port);
        1: 5971:            exit(EX_OSERR);
        -: 5972:        }
        -: 5973:
        -: 5974:        /*
        -: 5975:         * initialization order: first create the listening sockets
        -: 5976:         * (may need root on low ports), then drop root if needed,
        -: 5977:         * then daemonize if needed, then init libevent (in some cases
        -: 5978:         * descriptors created by libevent wouldn't survive forking).
        -: 5979:         */
        -: 5980:
        -: 5981:        /* create the UDP listening socket and bind it */
       20: 5982:        errno = 0;
       20: 5983:        if (settings.udpport && server_sockets(settings.udpport, udp_transport,
        -: 5984:                                              portnumber_file)) {
    #####: 5985:            vperror("failed to listen on UDP port %d", settings.udpport);
    #####: 5986:            exit(EX_OSERR);
        -: 5987:        }
        -: 5988:
       20: 5989:        if (portnumber_file) {
       14: 5990:            fclose(portnumber_file);
       14: 5991:            rename(temp_portnumber_filename, portnumber_filename);
        -: 5992:        }
       20: 5993:        if (temp_portnumber_filename)
       14: 5994:            free(temp_portnumber_filename);
        -: 5995:    }
        -: 5996:
        -: 5997:    /* Give the sockets a moment to open. I know this is dumb, but the error
        -: 5998:     * is only an advisory.
        -: 5999:     */
      114: 6000:    usleep(1000);
      114: 6001:    if (stats_state.curr_conns + stats_state.reserved_fds >= settings.maxconns - 1) {
    #####: 6002:        fprintf(stderr, "Maxconns setting is too low, use -c to increase.\n");
    #####: 6003:        exit(EXIT_FAILURE);
        -: 6004:    }
        -: 6005:
      114: 6006:    if (pid_file != NULL) {
        1: 6007:        save_pid(pid_file);
        -: 6008:    }
        -: 6009:
        -: 6010:    /* Drop privileges no longer needed */
      114: 6011:    if (settings.drop_privileges) {
      114: 6012:        drop_privileges();
        -: 6013:    }
        -: 6014:
        -: 6015:    /* Initialize the uriencode lookup table. */
      114: 6016:    uriencode_init();
        -: 6017:
        -: 6018:    /* enter the event loop */
     1713: 6019:    while (!stop_main_loop) {
     1599: 6020:        if (event_base_loop(main_base, EVLOOP_ONCE) != 0) {
        -: 6021:            retval = EXIT_FAILURE;
        -: 6022:            break;
        -: 6023:        }
        -: 6024:    }
        -: 6025:
      114: 6026:    switch (stop_main_loop) {
        2: 6027:        case GRACE_STOP:
        2: 6028:            fprintf(stderr, "Gracefully stopping\n");
        -: 6029:        break;
        -: 6030:        case EXIT_NORMALLY:
        -: 6031:            // Don't need to print anything to STDERR for a normal shutdown.
        -: 6032:        break;
    #####: 6033:        default:
    #####: 6034:            fprintf(stderr, "Exiting on error\n");
        -: 6035:        break;
        -: 6036:    }
        -: 6037:
      114: 6038:    stop_threads();
      114: 6039:    if (settings.memory_file != NULL && stop_main_loop == GRACE_STOP) {
        1: 6040:        restart_mmap_close();
        -: 6041:    }
        -: 6042:
        -: 6043:    /* remove the PID file if we're a daemon */
      114: 6044:    if (do_daemonize)
        1: 6045:        remove_pidfile(pid_file);
        -: 6046:    /* Clean up strdup() call for bind() address */
      114: 6047:    if (settings.inter)
        6: 6048:      free(settings.inter);
        -: 6049:
        -: 6050:    /* cleanup base */
      114: 6051:    event_base_free(main_base);
        -: 6052:
      114: 6053:    free(meta);
        -: 6054:
      114: 6055:    return retval;
        -: 6056:}
