        -:    0:Source:slab_automove.c
        -:    0:Graph:slab_automove.gcno
        -:    0:Data:slab_automove.gcda
        -:    0:Runs:396
        -:    1:/*  Copyright 2017 Facebook.
        -:    2: *
        -:    3: *  Use and distribution licensed under the BSD license.  See
        -:    4: *  the LICENSE file for full text.
        -:    5: */
        -:    6:
        -:    7:/* -*- Mode: C; tab-width: 4; c-basic-offset: 4; indent-tabs-mode: nil -*- */
        -:    8:#include "memcached.h"
        -:    9:#include "slab_automove.h"
        -:   10:#include <stdlib.h>
        -:   11:#include <string.h>
        -:   12:
        -:   13:#define MIN_PAGES_FOR_SOURCE 2
        -:   14:#define MIN_PAGES_FOR_RECLAIM 2.5
        -:   15:
        -:   16:struct window_data {
        -:   17:    uint64_t age;
        -:   18:    uint64_t dirty;
        -:   19:    float evicted_ratio;
        -:   20:    uint64_t evicted_seen; // if evictions were seen at all this window
        -:   21:};
        -:   22:
        -:   23:typedef struct {
        -:   24:    struct window_data *window_data;
        -:   25:    uint32_t window_size;
        -:   26:    uint32_t window_cur;
        -:   27:    double max_age_ratio;
        -:   28:    item_stats_automove iam_before[MAX_NUMBER_OF_SLAB_CLASSES];
        -:   29:    item_stats_automove iam_after[MAX_NUMBER_OF_SLAB_CLASSES];
        -:   30:    slab_stats_automove sam_before[MAX_NUMBER_OF_SLAB_CLASSES];
        -:   31:    slab_stats_automove sam_after[MAX_NUMBER_OF_SLAB_CLASSES];
        -:   32:} slab_automove;
        -:   33:
      100:   34:void *slab_automove_init(struct settings *settings) {
      100:   35:    uint32_t window_size = settings->slab_automove_window;
      100:   36:    double max_age_ratio = settings->slab_automove_ratio;
      100:   37:    slab_automove *a = calloc(1, sizeof(slab_automove));
      100:   38:    if (a == NULL)
        -:   39:        return NULL;
      100:   40:    a->window_data = calloc(window_size * MAX_NUMBER_OF_SLAB_CLASSES, sizeof(struct window_data));
      100:   41:    a->window_size = window_size;
      100:   42:    a->max_age_ratio = max_age_ratio;
      100:   43:    if (a->window_data == NULL) {
    #####:   44:        free(a);
    #####:   45:        return NULL;
        -:   46:    }
        -:   47:
        -:   48:    // do a dry run to fill the before structs
      100:   49:    fill_item_stats_automove(a->iam_before);
      100:   50:    fill_slab_stats_automove(a->sam_before);
        -:   51:
      100:   52:    return (void *)a;
        -:   53:}
        -:   54:
       99:   55:void slab_automove_free(void *arg) {
       99:   56:    slab_automove *a = (slab_automove *)arg;
       99:   57:    free(a->window_data);
       99:   58:    free(a);
       99:   59:}
        -:   60:
    23423:   61:static void window_sum(struct window_data *wd, struct window_data *w, uint32_t size) {
    23423:   62:    int x;
   659720:   63:    for (x = 0; x < size; x++) {
   636297:   64:        struct window_data *d = &wd[x];
   636297:   65:        w->age += d->age;
   636297:   66:        w->dirty += d->dirty;
   636297:   67:        w->evicted_ratio += d->evicted_ratio;
   636297:   68:        w->evicted_seen += d->evicted_seen;
        -:   69:    }
    23423:   70:}
        -:   71:
        -:   72:// TODO: if oldest is dirty, find next oldest.
        -:   73:// still need to base ratio off of absolute age
      437:   74:void slab_automove_run(void *arg, int *src, int *dst) {
      437:   75:    slab_automove *a = (slab_automove *)arg;
      437:   76:    int n;
      437:   77:    struct window_data w_sum;
      437:   78:    int oldest = -1;
      437:   79:    uint64_t oldest_age = 0;
      437:   80:    int youngest = -1;
      437:   81:    uint64_t youngest_age = ~0;
      437:   82:    bool youngest_evicting = false;
      437:   83:    *src = -1;
      437:   84:    *dst = -1;
        -:   85:
        -:   86:    // fill after structs
      437:   87:    fill_item_stats_automove(a->iam_after);
      437:   88:    fill_slab_stats_automove(a->sam_after);
        -:   89:    // Loop once to get total_evicted for this window.
      437:   90:    uint64_t evicted_total = 0;
    28405:   91:    for (n = POWER_SMALLEST; n < MAX_NUMBER_OF_SLAB_CLASSES; n++) {
    27531:   92:        evicted_total += a->iam_after[n].evicted - a->iam_before[n].evicted;
        -:   93:    }
      437:   94:    a->window_cur++;
        -:   95:
        -:   96:    // iterate slabs
    23766:   97:    for (n = POWER_SMALLEST; n < MAX_NUMBER_OF_SLAB_CLASSES; n++) {
    23423:   98:        int w_offset = n * a->window_size;
    23423:   99:        struct window_data *wd = &a->window_data[w_offset + (a->window_cur % a->window_size)];
    23423:  100:        memset(wd, 0, sizeof(struct window_data));
        -:  101:        // summarize the window-up-to-now.
    23423:  102:        memset(&w_sum, 0, sizeof(struct window_data));
    23423:  103:        window_sum(&a->window_data[w_offset], &w_sum, a->window_size);
        -:  104:
        -:  105:        // if page delta, or evicted delta, mark window dirty
        -:  106:        // (or outofmemory)
    23423:  107:        uint64_t evicted_delta = a->iam_after[n].evicted - a->iam_before[n].evicted;
    23423:  108:        if (evicted_delta > 0) {
        -:  109:            // FIXME: the python script is using floats. we have ints.
       27:  110:            wd->evicted_ratio = (float) evicted_delta / evicted_total;
       27:  111:            wd->evicted_seen = 1;
       27:  112:            wd->dirty = 1;
        -:  113:        }
        -:  114:
    23423:  115:        if (a->iam_after[n].outofmemory - a->iam_before[n].outofmemory > 0) {
        2:  116:            wd->dirty = 1;
        -:  117:        }
    23423:  118:        if (a->sam_after[n].total_pages - a->sam_before[n].total_pages > 0) {
      157:  119:            wd->dirty = 1;
        -:  120:        }
        -:  121:
        -:  122:        // set age into window
    23423:  123:        wd->age = a->iam_after[n].age;
        -:  124:
        -:  125:        // grab age as average of window total
    23423:  126:        uint64_t age = w_sum.age / a->window_size;
        -:  127:
        -:  128:        // if > N free chunks and not dirty, make decision.
    23423:  129:        if (a->sam_after[n].free_chunks > a->sam_after[n].chunks_per_page * MIN_PAGES_FOR_RECLAIM) {
      121:  130:            if (w_sum.dirty == 0) {
       94:  131:                *src = n;
       94:  132:                *dst = 0;
       94:  133:                break;
        -:  134:            }
        -:  135:        }
        -:  136:
        -:  137:        // if oldest and have enough pages, is oldest
    23329:  138:        if (age > oldest_age && a->sam_after[n].total_pages > MIN_PAGES_FOR_SOURCE) {
       49:  139:            oldest = n;
       49:  140:            oldest_age = age;
        -:  141:        }
        -:  142:
        -:  143:        // grab evicted count from window
        -:  144:        // if > half the window and youngest, mark as youngest
        -:  145:        // or, if more than 25% of total evictions in the window.
    23329:  146:        if (age < youngest_age && (w_sum.evicted_seen > a->window_size / 2
    23221:  147:                    || w_sum.evicted_ratio / a->window_size > 0.25)) {
        4:  148:            youngest = n;
        4:  149:            youngest_age = age;
        4:  150:            youngest_evicting = wd->evicted_seen ? true : false;
        -:  151:        }
        -:  152:    }
        -:  153:
      437:  154:    memcpy(a->iam_before, a->iam_after,
        -:  155:            sizeof(item_stats_automove) * MAX_NUMBER_OF_SLAB_CLASSES);
      437:  156:    memcpy(a->sam_before, a->sam_after,
        -:  157:            sizeof(slab_stats_automove) * MAX_NUMBER_OF_SLAB_CLASSES);
        -:  158:    // if we have a youngest and oldest, and oldest is outside the ratio,
        -:  159:    // also, only make decisions if window has filled once.
      437:  160:    if (youngest != -1 && oldest != -1 && a->window_cur > a->window_size) {
        1:  161:        if (youngest_age < ((double)oldest_age * a->max_age_ratio) && youngest_evicting) {
    #####:  162:            *src = oldest;
    #####:  163:            *dst = youngest;
        -:  164:        }
        -:  165:    }
      437:  166:    return;
        -:  167:}
